<?xml version="1.0" encoding="UTF-8"?>
<!-- Generated by org.testng.reporters.JUnitXMLReporter -->
<testsuite hostname="LAPTOP-COQHVDGR" ignored="0" name="Default test" tests="75" failures="0" timestamp="02 Jun 2021 03:49:32 GMT" time="396.985" errors="0">
  <testcase name="verifyHeadingsAl" time="0.2" classname="com.jbk.tests.UsersTest"/>
  <testcase name="verifyClickGO" time="14.91" classname="com.jbk.tests.UsefulLinksTest"/>
  <testcase name="verifyUrl" time="0.014" classname="com.jbk.tests.DashboardTest"/>
  <testcase name="verifycontactNoLength" time="0.389" classname="com.jbk.tests.OperatorsTest"/>
  <testcase name="verifyUrl" time="0.015" classname="com.jbk.tests.RegisterTest"/>
  <testcase name="verifyUrlOfLoginPage" time="0.013" classname="com.jbk.tests.LoginTest"/>
  <testcase name="verifyPrintingDragDownOptions" time="0.246" classname="com.jbk.tests.AddUserTest"/>
  <testcase name="verifyOperatingSystem_32bit" time="0.433" classname="com.jbk.tests.DownloadsTest"/>
  <testcase name="verifyMobNoLength" time="0.254" classname="com.jbk.tests.UsersTest"/>
  <testcase name="verifyClickGoExcel" time="16.327" classname="com.jbk.tests.UsefulLinksTest"/>
  <testcase name="verifyTitle" time="0.013" classname="com.jbk.tests.DashboardTest"/>
  <testcase name="verifyNamesInAlphabeticalOrder" time="0.149" classname="com.jbk.tests.OperatorsTest"/>
  <testcase name="verifyTitle" time="0.012" classname="com.jbk.tests.RegisterTest"/>
  <testcase name="verifyTitle" time="0.008" classname="com.jbk.tests.LoginTest"/>
  <testcase name="verifyprintingDragDownOptExcel" time="0.37" classname="com.jbk.tests.AddUserTest"/>
  <testcase name="verifyCommon" time="0.404" classname="com.jbk.tests.DownloadsTest"/>
  <testcase name="verifyMaleGender" time="0.305" classname="com.jbk.tests.UsersTest"/>
  <testcase name="verifyComplete_UsefulLinksTable" time="0.539" classname="com.jbk.tests.UsefulLinksTest"/>
  <testcase name="verifyCornerHeading" time="0.049" classname="com.jbk.tests.DashboardTest"/>
  <testcase name="verifyPrefferedWayToConnect_WhatsApp" time="0.376" classname="com.jbk.tests.OperatorsTest"/>
  <testcase name="verifyHeading" time="0.05" classname="com.jbk.tests.RegisterTest"/>
  <testcase name="verifyLogo" time="0.064" classname="com.jbk.tests.LoginTest"/>
  <testcase name="verifyValidAddUser" time="2.899" classname="com.jbk.tests.AddUserTest"/>
  <testcase name="verifyNone" time="0.883" classname="com.jbk.tests.DownloadsTest"/>
  <testcase name="verifyUnameInOrder" time="0.124" classname="com.jbk.tests.UsersTest"/>
  <testcase name="verifyMainHeading" time="0.077" classname="com.jbk.tests.DashboardTest"/>
  <testcase name="verifyPrefferedWayToConnect_PhoneCall" time="0.354" classname="com.jbk.tests.OperatorsTest"/>
  <testcase name="verifyAlreadyMemberText" time="0.051" classname="com.jbk.tests.RegisterTest"/>
  <testcase name="verifyMainHeading" time="0.063" classname="com.jbk.tests.LoginTest"/>
  <testcase name="verifyComplete_DownloadsTable" time="1.482" classname="com.jbk.tests.DownloadsTest"/>
  <testcase name="verifyStateMaharashtra" time="0.291" classname="com.jbk.tests.UsersTest"/>
  <testcase name="verifyUserImage" time="0.065" classname="com.jbk.tests.DashboardTest"/>
  <testcase name="verifyPrefferedWayToConnect_WhatsApp_And_PhoneCall" time="0.476" classname="com.jbk.tests.OperatorsTest"/>
  <testcase name="verifyAlreadyMemberLink" time="0.273" classname="com.jbk.tests.RegisterTest"/>
  <testcase name="verifySubHeading" time="0.055" classname="com.jbk.tests.LoginTest"/>
  <testcase name="verifyGmail_com" time="0.263" classname="com.jbk.tests.UsersTest"/>
  <testcase name="verifyUserName" time="0.053" classname="com.jbk.tests.DashboardTest"/>
  <testcase name="verifyPrefferedWayToConnect_WhatsApp_ButNot_PhoneCall" time="0.498" classname="com.jbk.tests.OperatorsTest"/>
  <testcase name="verifyPlaceholders" time="0.123" classname="com.jbk.tests.RegisterTest"/>
  <testcase name="verifySignInBoxHeading" time="0.062" classname="com.jbk.tests.LoginTest"/>
  <testcase name="verifyClickDeleteAlertMsg" time="0.43" classname="com.jbk.tests.UsersTest"/>
  <testcase name="verifyUserStatus" time="0.056" classname="com.jbk.tests.DashboardTest"/>
  <testcase name="verifyFacultiesAvailableOnMonday" time="0.326" classname="com.jbk.tests.OperatorsTest"/>
  <testcase name="verifyBlankSignIn" time="0.211" classname="com.jbk.tests.RegisterTest"/>
  <testcase name="verifyPlaceholders" time="0.071" classname="com.jbk.tests.LoginTest"/>
  <testcase name="verifySeleniumFaculty" time="0.251" classname="com.jbk.tests.UsersTest"/>
  <testcase name="verifynavigationMenuText" time="0.142" classname="com.jbk.tests.DashboardTest"/>
  <testcase name="verifyFacultiesNotAvailableOnSunday" time="0.313" classname="com.jbk.tests.OperatorsTest"/>
  <testcase name="verifyValidSignIn" time="0.552" classname="com.jbk.tests.RegisterTest"/>
  <testcase name="verifyValidLogIn" time="1.413" classname="com.jbk.tests.LoginTest"/>
  <testcase name="verifyToolTip" time="0.12" classname="com.jbk.tests.UsersTest"/>
  <testcase name="verifyUsersMenu" time="0.608" classname="com.jbk.tests.DashboardTest"/>
  <testcase name="verifyComplete_OperatorsTable" time="0.792" classname="com.jbk.tests.OperatorsTest"/>
  <testcase name="verifyLogoutSuccessfullyMessage" time="1.763" classname="com.jbk.tests.LoginTest"/>
  <testcase name="verifyComplete_UsersTable" time="0.777" classname="com.jbk.tests.UsersTest"/>
  <testcase name="verifyOperatorsMenu" time="0.541" classname="com.jbk.tests.DashboardTest"/>
  <testcase name="verifyInvalidLogIn" time="0.38" classname="com.jbk.tests.LoginTest"/>
  <testcase name="verifyUsefulLinksMenu" time="0.569" classname="com.jbk.tests.DashboardTest"/>
  <testcase name="verifyInvalidLogInErrorMessage" time="0.461" classname="com.jbk.tests.LoginTest"/>
  <testcase name="verifyDownloadsMenu" time="0.677" classname="com.jbk.tests.DashboardTest"/>
  <testcase name="verifyBlankLogInErrorMessage" time="0.379" classname="com.jbk.tests.LoginTest"/>
  <testcase name="verifyLeftCornerLogOutMenu" time="0.259" classname="com.jbk.tests.DashboardTest"/>
  <testcase name="verifyRegisterLinkText" time="0.059" classname="com.jbk.tests.LoginTest"/>
  <testcase name="verifyRightCornerLogOutLink" time="0.266" classname="com.jbk.tests.DashboardTest"/>
  <testcase name="verifyRegisterLink" time="0.233" classname="com.jbk.tests.LoginTest"/>
  <testcase name="verifyCoursesHeading" time="0.083" classname="com.jbk.tests.DashboardTest"/>
  <testcase name="loginWithAlldata" time="3.758" classname="com.jbk.tests.LoginTest"/>
  <testcase name="verifyCoursesSubHeading" time="0.095" classname="com.jbk.tests.DashboardTest"/>
  <testcase name="verifyCoursesMoreInfo" time="0.102" classname="com.jbk.tests.DashboardTest"/>
  <testcase name="verifyMoreInfoNewWindow" time="4.829" classname="com.jbk.tests.DashboardTest"/>
  <testcase name="verifyFooterStatement" time="0.05" classname="com.jbk.tests.DashboardTest"/>
  <testcase name="verifyJBK_Link" time="9.723" classname="com.jbk.tests.DashboardTest"/>
  <testcase name="verifySequence" time="0.046" classname="com.jbk.tests.DashboardTest"/>
  <testcase name="verifyCourseHeading" time="0.168" classname="com.jbk.tests.DashboardTest"/>
  <testcase name="verifyCourseSubHeading" time="0.161" classname="com.jbk.tests.DashboardTest"/>
</testsuite> <!-- Default test -->
