<?xml version="1.0" encoding="UTF-8"?>
<!-- Generated by org.testng.reporters.JUnitXMLReporter -->
<testsuite hostname="LAPTOP-COQHVDGR" ignored="0" name="Default test" tests="4" failures="0" timestamp="01 Jun 2021 03:57:59 GMT" time="10.209" errors="0">
  <testcase name="verifyUrl" time="0.018" classname="com.jbk.tests.RegisterTest"/>
  <testcase name="verifyTitle" time="0.012" classname="com.jbk.tests.RegisterTest"/>
  <testcase name="verifyHeading" time="0.038" classname="com.jbk.tests.RegisterTest"/>
  <testcase name="verifyAlreadyMemberText" time="0.033" classname="com.jbk.tests.RegisterTest"/>
</testsuite> <!-- Default test -->
