<?xml version="1.0" encoding="UTF-8"?>
<!-- Generated by org.testng.reporters.JUnitXMLReporter -->
<testsuite hostname="LAPTOP-COQHVDGR" ignored="0" name="Test" tests="75" failures="0" timestamp="02 Jun 2021 02:46:19 GMT" time="366.691" errors="0">
  <testcase name="verifyUrlOfLoginPage" time="0.051" classname="com.jbk.tests.LoginTest"/>
  <testcase name="verifyPrintingDragDownOptions" time="0.29" classname="com.jbk.tests.AddUserTest"/>
  <testcase name="verifyUrl" time="0.011" classname="com.jbk.tests.DashboardTest"/>
  <testcase name="verifycontactNoLength" time="0.376" classname="com.jbk.tests.OperatorsTest"/>
  <testcase name="verifyHeadingsAl" time="0.22" classname="com.jbk.tests.UsersTest"/>
  <testcase name="verifyOperatingSystem_32bit" time="0.464" classname="com.jbk.tests.DownloadsTest"/>
  <testcase name="verifyUrl" time="0.015" classname="com.jbk.tests.RegisterTest"/>
  <testcase name="verifyClickGO" time="13.709" classname="com.jbk.tests.UsefulLinksTest"/>
  <testcase name="verifyTitle" time="0.012" classname="com.jbk.tests.LoginTest"/>
  <testcase name="verifyprintingDragDownOptExcel" time="1.326" classname="com.jbk.tests.AddUserTest"/>
  <testcase name="verifyTitle" time="0.011" classname="com.jbk.tests.DashboardTest"/>
  <testcase name="verifyNamesInAlphabeticalOrder" time="0.139" classname="com.jbk.tests.OperatorsTest"/>
  <testcase name="verifyMobNoLength" time="0.295" classname="com.jbk.tests.UsersTest"/>
  <testcase name="verifyCommon" time="0.459" classname="com.jbk.tests.DownloadsTest"/>
  <testcase name="verifyTitle" time="0.015" classname="com.jbk.tests.RegisterTest"/>
  <testcase name="verifyClickGoExcel" time="14.986" classname="com.jbk.tests.UsefulLinksTest"/>
  <testcase name="verifyLogo" time="0.083" classname="com.jbk.tests.LoginTest"/>
  <testcase name="verifyValidAddUser" time="2.892" classname="com.jbk.tests.AddUserTest"/>
  <testcase name="verifyCornerHeading" time="0.035" classname="com.jbk.tests.DashboardTest"/>
  <testcase name="verifyPrefferedWayToConnect_WhatsApp" time="0.411" classname="com.jbk.tests.OperatorsTest"/>
  <testcase name="verifyMaleGender" time="0.306" classname="com.jbk.tests.UsersTest"/>
  <testcase name="verifyNone" time="0.646" classname="com.jbk.tests.DownloadsTest"/>
  <testcase name="verifyHeading" time="0.049" classname="com.jbk.tests.RegisterTest"/>
  <testcase name="verifyComplete_UsefulLinksTable" time="0.544" classname="com.jbk.tests.UsefulLinksTest"/>
  <testcase name="verifyMainHeading" time="0.061" classname="com.jbk.tests.LoginTest"/>
  <testcase name="verifyMainHeading" time="0.039" classname="com.jbk.tests.DashboardTest"/>
  <testcase name="verifyPrefferedWayToConnect_PhoneCall" time="0.318" classname="com.jbk.tests.OperatorsTest"/>
  <testcase name="verifyUnameInOrder" time="0.104" classname="com.jbk.tests.UsersTest"/>
  <testcase name="verifyComplete_DownloadsTable" time="1.142" classname="com.jbk.tests.DownloadsTest"/>
  <testcase name="verifyAlreadyMemberText" time="0.05" classname="com.jbk.tests.RegisterTest"/>
  <testcase name="verifySubHeading" time="0.061" classname="com.jbk.tests.LoginTest"/>
  <testcase name="verifyUserImage" time="0.062" classname="com.jbk.tests.DashboardTest"/>
  <testcase name="verifyAlreadyMemberLink" time="0.211" classname="com.jbk.tests.RegisterTest"/>
  <testcase name="verifyPrefferedWayToConnect_WhatsApp_And_PhoneCall" time="0.388" classname="com.jbk.tests.OperatorsTest"/>
  <testcase name="verifyStateMaharashtra" time="0.326" classname="com.jbk.tests.UsersTest"/>
  <testcase name="verifySignInBoxHeading" time="0.055" classname="com.jbk.tests.LoginTest"/>
  <testcase name="verifyUserName" time="0.05" classname="com.jbk.tests.DashboardTest"/>
  <testcase name="verifyPlaceholders" time="0.09" classname="com.jbk.tests.RegisterTest"/>
  <testcase name="verifyPrefferedWayToConnect_WhatsApp_ButNot_PhoneCall" time="0.36" classname="com.jbk.tests.OperatorsTest"/>
  <testcase name="verifyGmail_com" time="0.275" classname="com.jbk.tests.UsersTest"/>
  <testcase name="verifyPlaceholders" time="0.07" classname="com.jbk.tests.LoginTest"/>
  <testcase name="verifyUserStatus" time="0.051" classname="com.jbk.tests.DashboardTest"/>
  <testcase name="verifyBlankSignIn" time="0.185" classname="com.jbk.tests.RegisterTest"/>
  <testcase name="verifyFacultiesAvailableOnMonday" time="0.314" classname="com.jbk.tests.OperatorsTest"/>
  <testcase name="verifyClickDeleteAlertMsg" time="0.487" classname="com.jbk.tests.UsersTest"/>
  <testcase name="verifyValidLogIn" time="1.524" classname="com.jbk.tests.LoginTest"/>
  <testcase name="verifynavigationMenuText" time="0.11" classname="com.jbk.tests.DashboardTest"/>
  <testcase name="verifyValidSignIn" time="0.537" classname="com.jbk.tests.RegisterTest"/>
  <testcase name="verifyFacultiesNotAvailableOnSunday" time="0.342" classname="com.jbk.tests.OperatorsTest"/>
  <testcase name="verifySeleniumFaculty" time="0.256" classname="com.jbk.tests.UsersTest"/>
  <testcase name="verifyLogoutSuccessfullyMessage" time="1.606" classname="com.jbk.tests.LoginTest"/>
  <testcase name="verifyUsersMenu" time="0.63" classname="com.jbk.tests.DashboardTest"/>
  <testcase name="verifyComplete_OperatorsTable" time="0.726" classname="com.jbk.tests.OperatorsTest"/>
  <testcase name="verifyToolTip" time="0.094" classname="com.jbk.tests.UsersTest"/>
  <testcase name="verifyInvalidLogIn" time="0.419" classname="com.jbk.tests.LoginTest"/>
  <testcase name="verifyOperatorsMenu" time="0.521" classname="com.jbk.tests.DashboardTest"/>
  <testcase name="verifyComplete_UsersTable" time="0.755" classname="com.jbk.tests.UsersTest"/>
  <testcase name="verifyInvalidLogInErrorMessage" time="0.467" classname="com.jbk.tests.LoginTest"/>
  <testcase name="verifyUsefulLinksMenu" time="0.566" classname="com.jbk.tests.DashboardTest"/>
  <testcase name="verifyBlankLogInErrorMessage" time="0.409" classname="com.jbk.tests.LoginTest"/>
  <testcase name="verifyDownloadsMenu" time="0.603" classname="com.jbk.tests.DashboardTest"/>
  <testcase name="verifyRegisterLinkText" time="0.061" classname="com.jbk.tests.LoginTest"/>
  <testcase name="verifyLeftCornerLogOutMenu" time="0.221" classname="com.jbk.tests.DashboardTest"/>
  <testcase name="verifyRegisterLink" time="0.279" classname="com.jbk.tests.LoginTest"/>
  <testcase name="verifyRightCornerLogOutLink" time="0.234" classname="com.jbk.tests.DashboardTest"/>
  <testcase name="loginWithAlldata" time="3.288" classname="com.jbk.tests.LoginTest"/>
  <testcase name="verifyCoursesHeading" time="0.087" classname="com.jbk.tests.DashboardTest"/>
  <testcase name="verifyCoursesSubHeading" time="0.083" classname="com.jbk.tests.DashboardTest"/>
  <testcase name="verifyCoursesMoreInfo" time="0.091" classname="com.jbk.tests.DashboardTest"/>
  <testcase name="verifyMoreInfoNewWindow" time="4.867" classname="com.jbk.tests.DashboardTest"/>
  <testcase name="verifyFooterStatement" time="0.043" classname="com.jbk.tests.DashboardTest"/>
  <testcase name="verifyJBK_Link" time="8.098" classname="com.jbk.tests.DashboardTest"/>
  <testcase name="verifySequence" time="0.051" classname="com.jbk.tests.DashboardTest"/>
  <testcase name="verifyCourseHeading" time="0.132" classname="com.jbk.tests.DashboardTest"/>
  <testcase name="verifyCourseSubHeading" time="0.139" classname="com.jbk.tests.DashboardTest"/>
</testsuite> <!-- Test -->
