<?xml version="1.0" encoding="UTF-8"?>
<!-- Generated by org.testng.reporters.JUnitXMLReporter -->
<testsuite hostname="LAPTOP-COQHVDGR" ignored="0" name="Test" tests="30" failures="0" timestamp="01 Jun 2021 04:09:11 GMT" time="137.499" errors="0">
  <testcase name="verifyUrlOfLoginPage" time="0.013" classname="com.jbk.tests.LoginTest"/>
  <testcase name="verifyPrintingDragDownOptions" time="0.146" classname="com.jbk.tests.AddUserTest"/>
  <testcase name="verifyUrl" time="0.01" classname="com.jbk.tests.DashboardTest"/>
  <testcase name="verifycontactNoLength" time="0.185" classname="com.jbk.tests.OperatorsTest"/>
  <testcase name="verifyHeadingsAl" time="0.097" classname="com.jbk.tests.UsersTest"/>
  <testcase name="verifyOperatingSystem_32bit" time="0.277" classname="com.jbk.tests.DownloadsTest"/>
  <testcase name="verifyUrl" time="0.006" classname="com.jbk.tests.RegisterTest"/>
  <testcase name="verifyClickGO" time="13.661" classname="com.jbk.tests.UsefulLinksTest"/>
  <testcase name="verifyTitle" time="0.008" classname="com.jbk.tests.LoginTest"/>
  <testcase name="verifyprintingDragDownOptExcel" time="0.686" classname="com.jbk.tests.AddUserTest"/>
  <testcase name="verifyTitle" time="0.007" classname="com.jbk.tests.DashboardTest"/>
  <testcase name="verifyNamesInAlphabeticalOrder" time="0.085" classname="com.jbk.tests.OperatorsTest"/>
  <testcase name="verifyMobNoLength" time="0.143" classname="com.jbk.tests.UsersTest"/>
  <testcase name="verifyCommon" time="0.311" classname="com.jbk.tests.DownloadsTest"/>
  <testcase name="verifyTitle" time="0.008" classname="com.jbk.tests.RegisterTest"/>
  <testcase name="verifyClickGoExcel" time="13.471" classname="com.jbk.tests.UsefulLinksTest"/>
  <testcase name="verifyLogo" time="0.039" classname="com.jbk.tests.LoginTest"/>
  <testcase name="verifyValidAddUser" time="2.541" classname="com.jbk.tests.AddUserTest"/>
  <testcase name="verifyCornerHeading" time="0.033" classname="com.jbk.tests.DashboardTest"/>
  <testcase name="verifyPrefferedWayToConnect_WhatsApp" time="0.182" classname="com.jbk.tests.OperatorsTest"/>
  <testcase name="verifyMaleGender" time="0.151" classname="com.jbk.tests.UsersTest"/>
  <testcase name="verifyNone" time="0.477" classname="com.jbk.tests.DownloadsTest"/>
  <testcase name="verifyHeading" time="0.042" classname="com.jbk.tests.RegisterTest"/>
  <testcase name="verifyComplete_UsefulLinksTable" time="0.338" classname="com.jbk.tests.UsefulLinksTest"/>
  <testcase name="verifyMainHeading" time="0.031" classname="com.jbk.tests.LoginTest"/>
  <testcase name="verifyMainHeading" time="0.036" classname="com.jbk.tests.DashboardTest"/>
  <testcase name="verifyPrefferedWayToConnect_PhoneCall" time="0.19" classname="com.jbk.tests.OperatorsTest"/>
  <testcase name="verifyUnameInOrder" time="0.051" classname="com.jbk.tests.UsersTest"/>
  <testcase name="verifyComplete_DownloadsTable" time="0.83" classname="com.jbk.tests.DownloadsTest"/>
  <testcase name="verifyAlreadyMemberText" time="0.038" classname="com.jbk.tests.RegisterTest"/>
</testsuite> <!-- Test -->
