<?xml version="1.0" encoding="UTF-8"?>
<testng-results skipped="0" failed="0" ignored="0" total="75" passed="75">
  <reporter-output>
  </reporter-output>
  <suite name="Default suite" duration-ms="396985" started-at="2021-06-02T03:42:55Z" finished-at="2021-06-02T03:49:32Z">
    <groups>
    </groups>
    <test name="Default test" duration-ms="396985" started-at="2021-06-02T03:42:55Z" finished-at="2021-06-02T03:49:32Z">
      <class name="com.jbk.tests.AddUserTest">
        <test-method status="PASS" signature="openBrowser()[pri:0, instance:com.jbk.tests.AddUserTest@3a883ce7]" name="openBrowser" is-config="true" duration-ms="5011" started-at="2021-06-02T09:13:39Z" finished-at="2021-06-02T09:13:44Z">
          <reporter-output>
          </reporter-output>
        </test-method> <!-- openBrowser -->
        <test-method status="PASS" signature="verifyPrintingDragDownOptions()[pri:1, instance:com.jbk.tests.AddUserTest@3a883ce7]" name="verifyPrintingDragDownOptions" duration-ms="246" started-at="2021-06-02T09:13:44Z" finished-at="2021-06-02T09:13:44Z">
          <reporter-output>
          </reporter-output>
        </test-method> <!-- verifyPrintingDragDownOptions -->
        <test-method status="PASS" signature="closeBrowser()[pri:0, instance:com.jbk.tests.AddUserTest@3a883ce7]" name="closeBrowser" is-config="true" duration-ms="413" started-at="2021-06-02T09:13:44Z" finished-at="2021-06-02T09:13:44Z">
          <reporter-output>
          </reporter-output>
        </test-method> <!-- closeBrowser -->
        <test-method status="PASS" signature="openBrowser()[pri:0, instance:com.jbk.tests.AddUserTest@3a883ce7]" name="openBrowser" is-config="true" duration-ms="5542" started-at="2021-06-02T09:14:34Z" finished-at="2021-06-02T09:14:39Z">
          <reporter-output>
          </reporter-output>
        </test-method> <!-- openBrowser -->
        <test-method status="PASS" signature="verifyprintingDragDownOptExcel()[pri:2, instance:com.jbk.tests.AddUserTest@3a883ce7]" name="verifyprintingDragDownOptExcel" duration-ms="370" started-at="2021-06-02T09:14:39Z" finished-at="2021-06-02T09:14:40Z">
          <reporter-output>
          </reporter-output>
        </test-method> <!-- verifyprintingDragDownOptExcel -->
        <test-method status="PASS" signature="closeBrowser()[pri:0, instance:com.jbk.tests.AddUserTest@3a883ce7]" name="closeBrowser" is-config="true" duration-ms="141" started-at="2021-06-02T09:14:40Z" finished-at="2021-06-02T09:14:40Z">
          <reporter-output>
          </reporter-output>
        </test-method> <!-- closeBrowser -->
        <test-method status="PASS" signature="openBrowser()[pri:0, instance:com.jbk.tests.AddUserTest@3a883ce7]" name="openBrowser" is-config="true" duration-ms="5398" started-at="2021-06-02T09:15:17Z" finished-at="2021-06-02T09:15:22Z">
          <reporter-output>
          </reporter-output>
        </test-method> <!-- openBrowser -->
        <test-method status="PASS" signature="verifyValidAddUser()[pri:3, instance:com.jbk.tests.AddUserTest@3a883ce7]" name="verifyValidAddUser" duration-ms="2899" started-at="2021-06-02T09:15:22Z" finished-at="2021-06-02T09:15:25Z">
          <reporter-output>
          </reporter-output>
        </test-method> <!-- verifyValidAddUser -->
        <test-method status="PASS" signature="closeBrowser()[pri:0, instance:com.jbk.tests.AddUserTest@3a883ce7]" name="closeBrowser" is-config="true" duration-ms="289" started-at="2021-06-02T09:15:25Z" finished-at="2021-06-02T09:15:25Z">
          <reporter-output>
          </reporter-output>
        </test-method> <!-- closeBrowser -->
      </class> <!-- com.jbk.tests.AddUserTest -->
      <class name="com.jbk.tests.DashboardTest">
        <test-method status="PASS" signature="openBrowser()[pri:0, instance:com.jbk.tests.DashboardTest@3cef309d]" name="openBrowser" is-config="true" duration-ms="5092" started-at="2021-06-02T09:13:22Z" finished-at="2021-06-02T09:13:27Z">
          <reporter-output>
          </reporter-output>
        </test-method> <!-- openBrowser -->
        <test-method status="PASS" signature="verifyUrl()[pri:1, instance:com.jbk.tests.DashboardTest@3cef309d]" name="verifyUrl" duration-ms="14" started-at="2021-06-02T09:13:27Z" finished-at="2021-06-02T09:13:27Z">
          <reporter-output>
          </reporter-output>
        </test-method> <!-- verifyUrl -->
        <test-method status="PASS" signature="closeBrowser()[pri:0, instance:com.jbk.tests.DashboardTest@3cef309d]" name="closeBrowser" is-config="true" duration-ms="204" started-at="2021-06-02T09:13:27Z" finished-at="2021-06-02T09:13:27Z">
          <reporter-output>
          </reporter-output>
        </test-method> <!-- closeBrowser -->
        <test-method status="PASS" signature="openBrowser()[pri:0, instance:com.jbk.tests.DashboardTest@3cef309d]" name="openBrowser" is-config="true" duration-ms="4948" started-at="2021-06-02T09:14:17Z" finished-at="2021-06-02T09:14:21Z">
          <reporter-output>
          </reporter-output>
        </test-method> <!-- openBrowser -->
        <test-method status="PASS" signature="verifyTitle()[pri:2, instance:com.jbk.tests.DashboardTest@3cef309d]" name="verifyTitle" duration-ms="13" started-at="2021-06-02T09:14:21Z" finished-at="2021-06-02T09:14:21Z">
          <reporter-output>
          </reporter-output>
        </test-method> <!-- verifyTitle -->
        <test-method status="PASS" signature="closeBrowser()[pri:0, instance:com.jbk.tests.DashboardTest@3cef309d]" name="closeBrowser" is-config="true" duration-ms="186" started-at="2021-06-02T09:14:21Z" finished-at="2021-06-02T09:14:22Z">
          <reporter-output>
          </reporter-output>
        </test-method> <!-- closeBrowser -->
        <test-method status="PASS" signature="openBrowser()[pri:0, instance:com.jbk.tests.DashboardTest@3cef309d]" name="openBrowser" is-config="true" duration-ms="5962" started-at="2021-06-02T09:14:56Z" finished-at="2021-06-02T09:15:02Z">
          <reporter-output>
          </reporter-output>
        </test-method> <!-- openBrowser -->
        <test-method status="PASS" signature="verifyCornerHeading()[pri:3, instance:com.jbk.tests.DashboardTest@3cef309d]" name="verifyCornerHeading" duration-ms="49" started-at="2021-06-02T09:15:02Z" finished-at="2021-06-02T09:15:02Z">
          <reporter-output>
          </reporter-output>
        </test-method> <!-- verifyCornerHeading -->
        <test-method status="PASS" signature="closeBrowser()[pri:0, instance:com.jbk.tests.DashboardTest@3cef309d]" name="closeBrowser" is-config="true" duration-ms="198" started-at="2021-06-02T09:15:02Z" finished-at="2021-06-02T09:15:02Z">
          <reporter-output>
          </reporter-output>
        </test-method> <!-- closeBrowser -->
        <test-method status="PASS" signature="openBrowser()[pri:0, instance:com.jbk.tests.DashboardTest@3cef309d]" name="openBrowser" is-config="true" duration-ms="5630" started-at="2021-06-02T09:15:37Z" finished-at="2021-06-02T09:15:43Z">
          <reporter-output>
          </reporter-output>
        </test-method> <!-- openBrowser -->
        <test-method status="PASS" signature="verifyMainHeading()[pri:4, instance:com.jbk.tests.DashboardTest@3cef309d]" name="verifyMainHeading" duration-ms="77" started-at="2021-06-02T09:15:43Z" finished-at="2021-06-02T09:15:43Z">
          <reporter-output>
          </reporter-output>
        </test-method> <!-- verifyMainHeading -->
        <test-method status="PASS" signature="closeBrowser()[pri:0, instance:com.jbk.tests.DashboardTest@3cef309d]" name="closeBrowser" is-config="true" duration-ms="164" started-at="2021-06-02T09:15:43Z" finished-at="2021-06-02T09:15:43Z">
          <reporter-output>
          </reporter-output>
        </test-method> <!-- closeBrowser -->
        <test-method status="PASS" signature="openBrowser()[pri:0, instance:com.jbk.tests.DashboardTest@3cef309d]" name="openBrowser" is-config="true" duration-ms="4429" started-at="2021-06-02T09:16:12Z" finished-at="2021-06-02T09:16:17Z">
          <reporter-output>
          </reporter-output>
        </test-method> <!-- openBrowser -->
        <test-method status="PASS" signature="verifyUserImage()[pri:5, instance:com.jbk.tests.DashboardTest@3cef309d]" name="verifyUserImage" duration-ms="65" started-at="2021-06-02T09:16:17Z" finished-at="2021-06-02T09:16:17Z">
          <reporter-output>
          </reporter-output>
        </test-method> <!-- verifyUserImage -->
        <test-method status="PASS" signature="closeBrowser()[pri:0, instance:com.jbk.tests.DashboardTest@3cef309d]" name="closeBrowser" is-config="true" duration-ms="139" started-at="2021-06-02T09:16:17Z" finished-at="2021-06-02T09:16:17Z">
          <reporter-output>
          </reporter-output>
        </test-method> <!-- closeBrowser -->
        <test-method status="PASS" signature="openBrowser()[pri:0, instance:com.jbk.tests.DashboardTest@3cef309d]" name="openBrowser" is-config="true" duration-ms="4298" started-at="2021-06-02T09:16:33Z" finished-at="2021-06-02T09:16:38Z">
          <reporter-output>
          </reporter-output>
        </test-method> <!-- openBrowser -->
        <test-method status="PASS" signature="verifyUserName()[pri:6, instance:com.jbk.tests.DashboardTest@3cef309d]" name="verifyUserName" duration-ms="53" started-at="2021-06-02T09:16:38Z" finished-at="2021-06-02T09:16:38Z">
          <reporter-output>
          </reporter-output>
        </test-method> <!-- verifyUserName -->
        <test-method status="PASS" signature="closeBrowser()[pri:0, instance:com.jbk.tests.DashboardTest@3cef309d]" name="closeBrowser" is-config="true" duration-ms="121" started-at="2021-06-02T09:16:38Z" finished-at="2021-06-02T09:16:38Z">
          <reporter-output>
          </reporter-output>
        </test-method> <!-- closeBrowser -->
        <test-method status="PASS" signature="openBrowser()[pri:0, instance:com.jbk.tests.DashboardTest@3cef309d]" name="openBrowser" is-config="true" duration-ms="6144" started-at="2021-06-02T09:16:55Z" finished-at="2021-06-02T09:17:01Z">
          <reporter-output>
          </reporter-output>
        </test-method> <!-- openBrowser -->
        <test-method status="PASS" signature="verifyUserStatus()[pri:7, instance:com.jbk.tests.DashboardTest@3cef309d]" name="verifyUserStatus" duration-ms="56" started-at="2021-06-02T09:17:01Z" finished-at="2021-06-02T09:17:01Z">
          <reporter-output>
          </reporter-output>
        </test-method> <!-- verifyUserStatus -->
        <test-method status="PASS" signature="closeBrowser()[pri:0, instance:com.jbk.tests.DashboardTest@3cef309d]" name="closeBrowser" is-config="true" duration-ms="164" started-at="2021-06-02T09:17:01Z" finished-at="2021-06-02T09:17:01Z">
          <reporter-output>
          </reporter-output>
        </test-method> <!-- closeBrowser -->
        <test-method status="PASS" signature="openBrowser()[pri:0, instance:com.jbk.tests.DashboardTest@3cef309d]" name="openBrowser" is-config="true" duration-ms="4129" started-at="2021-06-02T09:17:17Z" finished-at="2021-06-02T09:17:21Z">
          <reporter-output>
          </reporter-output>
        </test-method> <!-- openBrowser -->
        <test-method status="PASS" signature="verifynavigationMenuText()[pri:8, instance:com.jbk.tests.DashboardTest@3cef309d]" name="verifynavigationMenuText" duration-ms="142" started-at="2021-06-02T09:17:21Z" finished-at="2021-06-02T09:17:21Z">
          <reporter-output>
          </reporter-output>
        </test-method> <!-- verifynavigationMenuText -->
        <test-method status="PASS" signature="closeBrowser()[pri:0, instance:com.jbk.tests.DashboardTest@3cef309d]" name="closeBrowser" is-config="true" duration-ms="89" started-at="2021-06-02T09:17:21Z" finished-at="2021-06-02T09:17:21Z">
          <reporter-output>
          </reporter-output>
        </test-method> <!-- closeBrowser -->
        <test-method status="PASS" signature="openBrowser()[pri:0, instance:com.jbk.tests.DashboardTest@3cef309d]" name="openBrowser" is-config="true" duration-ms="4141" started-at="2021-06-02T09:17:38Z" finished-at="2021-06-02T09:17:42Z">
          <reporter-output>
          </reporter-output>
        </test-method> <!-- openBrowser -->
        <test-method status="PASS" signature="verifyUsersMenu()[pri:9, instance:com.jbk.tests.DashboardTest@3cef309d]" name="verifyUsersMenu" duration-ms="608" started-at="2021-06-02T09:17:42Z" finished-at="2021-06-02T09:17:43Z">
          <reporter-output>
          </reporter-output>
        </test-method> <!-- verifyUsersMenu -->
        <test-method status="PASS" signature="closeBrowser()[pri:0, instance:com.jbk.tests.DashboardTest@3cef309d]" name="closeBrowser" is-config="true" duration-ms="115" started-at="2021-06-02T09:17:43Z" finished-at="2021-06-02T09:17:43Z">
          <reporter-output>
          </reporter-output>
        </test-method> <!-- closeBrowser -->
        <test-method status="PASS" signature="openBrowser()[pri:0, instance:com.jbk.tests.DashboardTest@3cef309d]" name="openBrowser" is-config="true" duration-ms="3870" started-at="2021-06-02T09:17:58Z" finished-at="2021-06-02T09:18:01Z">
          <reporter-output>
          </reporter-output>
        </test-method> <!-- openBrowser -->
        <test-method status="PASS" signature="verifyOperatorsMenu()[pri:10, instance:com.jbk.tests.DashboardTest@3cef309d]" name="verifyOperatorsMenu" duration-ms="541" started-at="2021-06-02T09:18:01Z" finished-at="2021-06-02T09:18:02Z">
          <reporter-output>
          </reporter-output>
        </test-method> <!-- verifyOperatorsMenu -->
        <test-method status="PASS" signature="closeBrowser()[pri:0, instance:com.jbk.tests.DashboardTest@3cef309d]" name="closeBrowser" is-config="true" duration-ms="144" started-at="2021-06-02T09:18:02Z" finished-at="2021-06-02T09:18:02Z">
          <reporter-output>
          </reporter-output>
        </test-method> <!-- closeBrowser -->
        <test-method status="PASS" signature="openBrowser()[pri:0, instance:com.jbk.tests.DashboardTest@3cef309d]" name="openBrowser" is-config="true" duration-ms="3932" started-at="2021-06-02T09:18:05Z" finished-at="2021-06-02T09:18:09Z">
          <reporter-output>
          </reporter-output>
        </test-method> <!-- openBrowser -->
        <test-method status="PASS" signature="verifyUsefulLinksMenu()[pri:11, instance:com.jbk.tests.DashboardTest@3cef309d]" name="verifyUsefulLinksMenu" duration-ms="569" started-at="2021-06-02T09:18:09Z" finished-at="2021-06-02T09:18:10Z">
          <reporter-output>
          </reporter-output>
        </test-method> <!-- verifyUsefulLinksMenu -->
        <test-method status="PASS" signature="closeBrowser()[pri:0, instance:com.jbk.tests.DashboardTest@3cef309d]" name="closeBrowser" is-config="true" duration-ms="114" started-at="2021-06-02T09:18:10Z" finished-at="2021-06-02T09:18:10Z">
          <reporter-output>
          </reporter-output>
        </test-method> <!-- closeBrowser -->
        <test-method status="PASS" signature="openBrowser()[pri:0, instance:com.jbk.tests.DashboardTest@3cef309d]" name="openBrowser" is-config="true" duration-ms="3752" started-at="2021-06-02T09:18:13Z" finished-at="2021-06-02T09:18:17Z">
          <reporter-output>
          </reporter-output>
        </test-method> <!-- openBrowser -->
        <test-method status="PASS" signature="verifyDownloadsMenu()[pri:12, instance:com.jbk.tests.DashboardTest@3cef309d]" name="verifyDownloadsMenu" duration-ms="677" started-at="2021-06-02T09:18:17Z" finished-at="2021-06-02T09:18:17Z">
          <reporter-output>
          </reporter-output>
        </test-method> <!-- verifyDownloadsMenu -->
        <test-method status="PASS" signature="closeBrowser()[pri:0, instance:com.jbk.tests.DashboardTest@3cef309d]" name="closeBrowser" is-config="true" duration-ms="127" started-at="2021-06-02T09:18:17Z" finished-at="2021-06-02T09:18:17Z">
          <reporter-output>
          </reporter-output>
        </test-method> <!-- closeBrowser -->
        <test-method status="PASS" signature="openBrowser()[pri:0, instance:com.jbk.tests.DashboardTest@3cef309d]" name="openBrowser" is-config="true" duration-ms="3850" started-at="2021-06-02T09:18:20Z" finished-at="2021-06-02T09:18:24Z">
          <reporter-output>
          </reporter-output>
        </test-method> <!-- openBrowser -->
        <test-method status="PASS" signature="verifyLeftCornerLogOutMenu()[pri:13, instance:com.jbk.tests.DashboardTest@3cef309d]" name="verifyLeftCornerLogOutMenu" duration-ms="259" started-at="2021-06-02T09:18:24Z" finished-at="2021-06-02T09:18:24Z">
          <reporter-output>
          </reporter-output>
        </test-method> <!-- verifyLeftCornerLogOutMenu -->
        <test-method status="PASS" signature="closeBrowser()[pri:0, instance:com.jbk.tests.DashboardTest@3cef309d]" name="closeBrowser" is-config="true" duration-ms="143" started-at="2021-06-02T09:18:24Z" finished-at="2021-06-02T09:18:25Z">
          <reporter-output>
          </reporter-output>
        </test-method> <!-- closeBrowser -->
        <test-method status="PASS" signature="openBrowser()[pri:0, instance:com.jbk.tests.DashboardTest@3cef309d]" name="openBrowser" is-config="true" duration-ms="3729" started-at="2021-06-02T09:18:27Z" finished-at="2021-06-02T09:18:31Z">
          <reporter-output>
          </reporter-output>
        </test-method> <!-- openBrowser -->
        <test-method status="PASS" signature="verifyRightCornerLogOutLink()[pri:14, instance:com.jbk.tests.DashboardTest@3cef309d]" name="verifyRightCornerLogOutLink" duration-ms="266" started-at="2021-06-02T09:18:31Z" finished-at="2021-06-02T09:18:31Z">
          <reporter-output>
          </reporter-output>
        </test-method> <!-- verifyRightCornerLogOutLink -->
        <test-method status="PASS" signature="closeBrowser()[pri:0, instance:com.jbk.tests.DashboardTest@3cef309d]" name="closeBrowser" is-config="true" duration-ms="149" started-at="2021-06-02T09:18:31Z" finished-at="2021-06-02T09:18:31Z">
          <reporter-output>
          </reporter-output>
        </test-method> <!-- closeBrowser -->
        <test-method status="PASS" signature="openBrowser()[pri:0, instance:com.jbk.tests.DashboardTest@3cef309d]" name="openBrowser" is-config="true" duration-ms="3952" started-at="2021-06-02T09:18:34Z" finished-at="2021-06-02T09:18:38Z">
          <reporter-output>
          </reporter-output>
        </test-method> <!-- openBrowser -->
        <test-method status="PASS" signature="verifyCoursesHeading()[pri:15, instance:com.jbk.tests.DashboardTest@3cef309d]" name="verifyCoursesHeading" duration-ms="83" started-at="2021-06-02T09:18:38Z" finished-at="2021-06-02T09:18:38Z">
          <reporter-output>
          </reporter-output>
        </test-method> <!-- verifyCoursesHeading -->
        <test-method status="PASS" signature="closeBrowser()[pri:0, instance:com.jbk.tests.DashboardTest@3cef309d]" name="closeBrowser" is-config="true" duration-ms="117" started-at="2021-06-02T09:18:38Z" finished-at="2021-06-02T09:18:38Z">
          <reporter-output>
          </reporter-output>
        </test-method> <!-- closeBrowser -->
        <test-method status="PASS" signature="openBrowser()[pri:0, instance:com.jbk.tests.DashboardTest@3cef309d]" name="openBrowser" is-config="true" duration-ms="3916" started-at="2021-06-02T09:18:45Z" finished-at="2021-06-02T09:18:48Z">
          <reporter-output>
          </reporter-output>
        </test-method> <!-- openBrowser -->
        <test-method status="PASS" signature="verifyCoursesSubHeading()[pri:16, instance:com.jbk.tests.DashboardTest@3cef309d]" name="verifyCoursesSubHeading" duration-ms="95" started-at="2021-06-02T09:18:48Z" finished-at="2021-06-02T09:18:49Z">
          <reporter-output>
          </reporter-output>
        </test-method> <!-- verifyCoursesSubHeading -->
        <test-method status="PASS" signature="closeBrowser()[pri:0, instance:com.jbk.tests.DashboardTest@3cef309d]" name="closeBrowser" is-config="true" duration-ms="114" started-at="2021-06-02T09:18:49Z" finished-at="2021-06-02T09:18:49Z">
          <reporter-output>
          </reporter-output>
        </test-method> <!-- closeBrowser -->
        <test-method status="PASS" signature="openBrowser()[pri:0, instance:com.jbk.tests.DashboardTest@3cef309d]" name="openBrowser" is-config="true" duration-ms="4029" started-at="2021-06-02T09:18:49Z" finished-at="2021-06-02T09:18:53Z">
          <reporter-output>
          </reporter-output>
        </test-method> <!-- openBrowser -->
        <test-method status="PASS" signature="verifyCoursesMoreInfo()[pri:17, instance:com.jbk.tests.DashboardTest@3cef309d]" name="verifyCoursesMoreInfo" duration-ms="102" started-at="2021-06-02T09:18:53Z" finished-at="2021-06-02T09:18:53Z">
          <reporter-output>
          </reporter-output>
        </test-method> <!-- verifyCoursesMoreInfo -->
        <test-method status="PASS" signature="closeBrowser()[pri:0, instance:com.jbk.tests.DashboardTest@3cef309d]" name="closeBrowser" is-config="true" duration-ms="116" started-at="2021-06-02T09:18:53Z" finished-at="2021-06-02T09:18:53Z">
          <reporter-output>
          </reporter-output>
        </test-method> <!-- closeBrowser -->
        <test-method status="PASS" signature="openBrowser()[pri:0, instance:com.jbk.tests.DashboardTest@3cef309d]" name="openBrowser" is-config="true" duration-ms="3807" started-at="2021-06-02T09:18:53Z" finished-at="2021-06-02T09:18:57Z">
          <reporter-output>
          </reporter-output>
        </test-method> <!-- openBrowser -->
        <test-method status="PASS" signature="verifyMoreInfoNewWindow()[pri:18, instance:com.jbk.tests.DashboardTest@3cef309d]" name="verifyMoreInfoNewWindow" duration-ms="4829" started-at="2021-06-02T09:18:57Z" finished-at="2021-06-02T09:19:02Z">
          <reporter-output>
          </reporter-output>
        </test-method> <!-- verifyMoreInfoNewWindow -->
        <test-method status="PASS" signature="closeBrowser()[pri:0, instance:com.jbk.tests.DashboardTest@3cef309d]" name="closeBrowser" is-config="true" duration-ms="119" started-at="2021-06-02T09:19:02Z" finished-at="2021-06-02T09:19:02Z">
          <reporter-output>
          </reporter-output>
        </test-method> <!-- closeBrowser -->
        <test-method status="PASS" signature="openBrowser()[pri:0, instance:com.jbk.tests.DashboardTest@3cef309d]" name="openBrowser" is-config="true" duration-ms="3817" started-at="2021-06-02T09:19:02Z" finished-at="2021-06-02T09:19:05Z">
          <reporter-output>
          </reporter-output>
        </test-method> <!-- openBrowser -->
        <test-method status="PASS" signature="verifyFooterStatement()[pri:19, instance:com.jbk.tests.DashboardTest@3cef309d]" name="verifyFooterStatement" duration-ms="50" started-at="2021-06-02T09:19:05Z" finished-at="2021-06-02T09:19:06Z">
          <reporter-output>
          </reporter-output>
        </test-method> <!-- verifyFooterStatement -->
        <test-method status="PASS" signature="closeBrowser()[pri:0, instance:com.jbk.tests.DashboardTest@3cef309d]" name="closeBrowser" is-config="true" duration-ms="130" started-at="2021-06-02T09:19:06Z" finished-at="2021-06-02T09:19:06Z">
          <reporter-output>
          </reporter-output>
        </test-method> <!-- closeBrowser -->
        <test-method status="PASS" signature="openBrowser()[pri:0, instance:com.jbk.tests.DashboardTest@3cef309d]" name="openBrowser" is-config="true" duration-ms="3826" started-at="2021-06-02T09:19:06Z" finished-at="2021-06-02T09:19:09Z">
          <reporter-output>
          </reporter-output>
        </test-method> <!-- openBrowser -->
        <test-method status="PASS" signature="verifyJBK_Link()[pri:20, instance:com.jbk.tests.DashboardTest@3cef309d]" name="verifyJBK_Link" duration-ms="9723" started-at="2021-06-02T09:19:09Z" finished-at="2021-06-02T09:19:19Z">
          <reporter-output>
          </reporter-output>
        </test-method> <!-- verifyJBK_Link -->
        <test-method status="PASS" signature="closeBrowser()[pri:0, instance:com.jbk.tests.DashboardTest@3cef309d]" name="closeBrowser" is-config="true" duration-ms="124" started-at="2021-06-02T09:19:19Z" finished-at="2021-06-02T09:19:19Z">
          <reporter-output>
          </reporter-output>
        </test-method> <!-- closeBrowser -->
        <test-method status="PASS" signature="openBrowser()[pri:0, instance:com.jbk.tests.DashboardTest@3cef309d]" name="openBrowser" is-config="true" duration-ms="3967" started-at="2021-06-02T09:19:19Z" finished-at="2021-06-02T09:19:23Z">
          <reporter-output>
          </reporter-output>
        </test-method> <!-- openBrowser -->
        <test-method status="PASS" signature="verifySequence()[pri:21, instance:com.jbk.tests.DashboardTest@3cef309d]" name="verifySequence" duration-ms="46" started-at="2021-06-02T09:19:23Z" finished-at="2021-06-02T09:19:23Z">
          <reporter-output>
          </reporter-output>
        </test-method> <!-- verifySequence -->
        <test-method status="PASS" signature="closeBrowser()[pri:0, instance:com.jbk.tests.DashboardTest@3cef309d]" name="closeBrowser" is-config="true" duration-ms="106" started-at="2021-06-02T09:19:23Z" finished-at="2021-06-02T09:19:23Z">
          <reporter-output>
          </reporter-output>
        </test-method> <!-- closeBrowser -->
        <test-method status="PASS" signature="openBrowser()[pri:0, instance:com.jbk.tests.DashboardTest@3cef309d]" name="openBrowser" is-config="true" duration-ms="3769" started-at="2021-06-02T09:19:23Z" finished-at="2021-06-02T09:19:27Z">
          <reporter-output>
          </reporter-output>
        </test-method> <!-- openBrowser -->
        <test-method status="PASS" signature="verifyCourseHeading()[pri:22, instance:com.jbk.tests.DashboardTest@3cef309d]" name="verifyCourseHeading" duration-ms="168" started-at="2021-06-02T09:19:27Z" finished-at="2021-06-02T09:19:27Z">
          <reporter-output>
          </reporter-output>
        </test-method> <!-- verifyCourseHeading -->
        <test-method status="PASS" signature="closeBrowser()[pri:0, instance:com.jbk.tests.DashboardTest@3cef309d]" name="closeBrowser" is-config="true" duration-ms="143" started-at="2021-06-02T09:19:27Z" finished-at="2021-06-02T09:19:28Z">
          <reporter-output>
          </reporter-output>
        </test-method> <!-- closeBrowser -->
        <test-method status="PASS" signature="openBrowser()[pri:0, instance:com.jbk.tests.DashboardTest@3cef309d]" name="openBrowser" is-config="true" duration-ms="3823" started-at="2021-06-02T09:19:28Z" finished-at="2021-06-02T09:19:31Z">
          <reporter-output>
          </reporter-output>
        </test-method> <!-- openBrowser -->
        <test-method status="PASS" signature="verifyCourseSubHeading()[pri:23, instance:com.jbk.tests.DashboardTest@3cef309d]" name="verifyCourseSubHeading" duration-ms="161" started-at="2021-06-02T09:19:31Z" finished-at="2021-06-02T09:19:32Z">
          <reporter-output>
          </reporter-output>
        </test-method> <!-- verifyCourseSubHeading -->
        <test-method status="PASS" signature="closeBrowser()[pri:0, instance:com.jbk.tests.DashboardTest@3cef309d]" name="closeBrowser" is-config="true" duration-ms="133" started-at="2021-06-02T09:19:32Z" finished-at="2021-06-02T09:19:32Z">
          <reporter-output>
          </reporter-output>
        </test-method> <!-- closeBrowser -->
      </class> <!-- com.jbk.tests.DashboardTest -->
      <class name="com.jbk.tests.RegisterTest">
        <test-method status="PASS" signature="openBrowser()[pri:0, instance:com.jbk.tests.RegisterTest@3d99d22e]" name="openBrowser" is-config="true" duration-ms="3033" started-at="2021-06-02T09:13:32Z" finished-at="2021-06-02T09:13:35Z">
          <reporter-output>
          </reporter-output>
        </test-method> <!-- openBrowser -->
        <test-method status="PASS" signature="verifyUrl()[pri:1, instance:com.jbk.tests.RegisterTest@3d99d22e]" name="verifyUrl" duration-ms="15" started-at="2021-06-02T09:13:35Z" finished-at="2021-06-02T09:13:35Z">
          <reporter-output>
          </reporter-output>
        </test-method> <!-- verifyUrl -->
        <test-method status="PASS" signature="closeBrowser()[pri:0, instance:com.jbk.tests.RegisterTest@3d99d22e]" name="closeBrowser" is-config="true" duration-ms="199" started-at="2021-06-02T09:13:35Z" finished-at="2021-06-02T09:13:36Z">
          <reporter-output>
          </reporter-output>
        </test-method> <!-- closeBrowser -->
        <test-method status="PASS" signature="openBrowser()[pri:0, instance:com.jbk.tests.RegisterTest@3d99d22e]" name="openBrowser" is-config="true" duration-ms="3152" started-at="2021-06-02T09:14:27Z" finished-at="2021-06-02T09:14:30Z">
          <reporter-output>
          </reporter-output>
        </test-method> <!-- openBrowser -->
        <test-method status="PASS" signature="verifyTitle()[pri:2, instance:com.jbk.tests.RegisterTest@3d99d22e]" name="verifyTitle" duration-ms="12" started-at="2021-06-02T09:14:30Z" finished-at="2021-06-02T09:14:30Z">
          <reporter-output>
          </reporter-output>
        </test-method> <!-- verifyTitle -->
        <test-method status="PASS" signature="closeBrowser()[pri:0, instance:com.jbk.tests.RegisterTest@3d99d22e]" name="closeBrowser" is-config="true" duration-ms="144" started-at="2021-06-02T09:14:30Z" finished-at="2021-06-02T09:14:30Z">
          <reporter-output>
          </reporter-output>
        </test-method> <!-- closeBrowser -->
        <test-method status="PASS" signature="openBrowser()[pri:0, instance:com.jbk.tests.RegisterTest@3d99d22e]" name="openBrowser" is-config="true" duration-ms="4108" started-at="2021-06-02T09:15:09Z" finished-at="2021-06-02T09:15:13Z">
          <reporter-output>
          </reporter-output>
        </test-method> <!-- openBrowser -->
        <test-method status="PASS" signature="verifyHeading()[pri:3, instance:com.jbk.tests.RegisterTest@3d99d22e]" name="verifyHeading" duration-ms="50" started-at="2021-06-02T09:15:13Z" finished-at="2021-06-02T09:15:13Z">
          <reporter-output>
          </reporter-output>
        </test-method> <!-- verifyHeading -->
        <test-method status="PASS" signature="closeBrowser()[pri:0, instance:com.jbk.tests.RegisterTest@3d99d22e]" name="closeBrowser" is-config="true" duration-ms="120" started-at="2021-06-02T09:15:13Z" finished-at="2021-06-02T09:15:13Z">
          <reporter-output>
          </reporter-output>
        </test-method> <!-- closeBrowser -->
        <test-method status="PASS" signature="openBrowser()[pri:0, instance:com.jbk.tests.RegisterTest@3d99d22e]" name="openBrowser" is-config="true" duration-ms="3120" started-at="2021-06-02T09:15:50Z" finished-at="2021-06-02T09:15:53Z">
          <reporter-output>
          </reporter-output>
        </test-method> <!-- openBrowser -->
        <test-method status="PASS" signature="verifyAlreadyMemberText()[pri:4, instance:com.jbk.tests.RegisterTest@3d99d22e]" name="verifyAlreadyMemberText" duration-ms="51" started-at="2021-06-02T09:15:53Z" finished-at="2021-06-02T09:15:53Z">
          <reporter-output>
          </reporter-output>
        </test-method> <!-- verifyAlreadyMemberText -->
        <test-method status="PASS" signature="closeBrowser()[pri:0, instance:com.jbk.tests.RegisterTest@3d99d22e]" name="closeBrowser" is-config="true" duration-ms="125" started-at="2021-06-02T09:15:53Z" finished-at="2021-06-02T09:15:53Z">
          <reporter-output>
          </reporter-output>
        </test-method> <!-- closeBrowser -->
        <test-method status="PASS" signature="openBrowser()[pri:0, instance:com.jbk.tests.RegisterTest@3d99d22e]" name="openBrowser" is-config="true" duration-ms="3048" started-at="2021-06-02T09:16:22Z" finished-at="2021-06-02T09:16:25Z">
          <reporter-output>
          </reporter-output>
        </test-method> <!-- openBrowser -->
        <test-method status="PASS" signature="verifyAlreadyMemberLink()[pri:5, instance:com.jbk.tests.RegisterTest@3d99d22e]" name="verifyAlreadyMemberLink" duration-ms="273" started-at="2021-06-02T09:16:25Z" finished-at="2021-06-02T09:16:26Z">
          <reporter-output>
          </reporter-output>
        </test-method> <!-- verifyAlreadyMemberLink -->
        <test-method status="PASS" signature="closeBrowser()[pri:0, instance:com.jbk.tests.RegisterTest@3d99d22e]" name="closeBrowser" is-config="true" duration-ms="154" started-at="2021-06-02T09:16:26Z" finished-at="2021-06-02T09:16:26Z">
          <reporter-output>
          </reporter-output>
        </test-method> <!-- closeBrowser -->
        <test-method status="PASS" signature="openBrowser()[pri:0, instance:com.jbk.tests.RegisterTest@3d99d22e]" name="openBrowser" is-config="true" duration-ms="2840" started-at="2021-06-02T09:16:43Z" finished-at="2021-06-02T09:16:46Z">
          <reporter-output>
          </reporter-output>
        </test-method> <!-- openBrowser -->
        <test-method status="PASS" signature="verifyPlaceholders()[pri:6, instance:com.jbk.tests.RegisterTest@3d99d22e]" name="verifyPlaceholders" duration-ms="123" started-at="2021-06-02T09:16:46Z" finished-at="2021-06-02T09:16:46Z">
          <reporter-output>
          </reporter-output>
        </test-method> <!-- verifyPlaceholders -->
        <test-method status="PASS" signature="closeBrowser()[pri:0, instance:com.jbk.tests.RegisterTest@3d99d22e]" name="closeBrowser" is-config="true" duration-ms="107" started-at="2021-06-02T09:16:46Z" finished-at="2021-06-02T09:16:46Z">
          <reporter-output>
          </reporter-output>
        </test-method> <!-- closeBrowser -->
        <test-method status="PASS" signature="openBrowser()[pri:0, instance:com.jbk.tests.RegisterTest@3d99d22e]" name="openBrowser" is-config="true" duration-ms="2696" started-at="2021-06-02T09:17:06Z" finished-at="2021-06-02T09:17:09Z">
          <reporter-output>
          </reporter-output>
        </test-method> <!-- openBrowser -->
        <test-method status="PASS" signature="verifyBlankSignIn()[pri:7, instance:com.jbk.tests.RegisterTest@3d99d22e]" name="verifyBlankSignIn" duration-ms="211" started-at="2021-06-02T09:17:09Z" finished-at="2021-06-02T09:17:09Z">
          <reporter-output>
          </reporter-output>
        </test-method> <!-- verifyBlankSignIn -->
        <test-method status="PASS" signature="closeBrowser()[pri:0, instance:com.jbk.tests.RegisterTest@3d99d22e]" name="closeBrowser" is-config="true" duration-ms="121" started-at="2021-06-02T09:17:09Z" finished-at="2021-06-02T09:17:10Z">
          <reporter-output>
          </reporter-output>
        </test-method> <!-- closeBrowser -->
        <test-method status="PASS" signature="openBrowser()[pri:0, instance:com.jbk.tests.RegisterTest@3d99d22e]" name="openBrowser" is-config="true" duration-ms="2942" started-at="2021-06-02T09:17:26Z" finished-at="2021-06-02T09:17:29Z">
          <reporter-output>
          </reporter-output>
        </test-method> <!-- openBrowser -->
        <test-method status="PASS" signature="verifyValidSignIn()[pri:8, instance:com.jbk.tests.RegisterTest@3d99d22e]" name="verifyValidSignIn" duration-ms="552" started-at="2021-06-02T09:17:29Z" finished-at="2021-06-02T09:17:29Z">
          <reporter-output>
          </reporter-output>
        </test-method> <!-- verifyValidSignIn -->
        <test-method status="PASS" signature="closeBrowser()[pri:0, instance:com.jbk.tests.RegisterTest@3d99d22e]" name="closeBrowser" is-config="true" duration-ms="120" started-at="2021-06-02T09:17:29Z" finished-at="2021-06-02T09:17:29Z">
          <reporter-output>
          </reporter-output>
        </test-method> <!-- closeBrowser -->
      </class> <!-- com.jbk.tests.RegisterTest -->
      <class name="com.jbk.tests.UsefulLinksTest">
        <test-method status="PASS" signature="openBrowser()[pri:0, instance:com.jbk.tests.UsefulLinksTest@50b494a6]" name="openBrowser" is-config="true" duration-ms="5168" started-at="2021-06-02T09:13:01Z" finished-at="2021-06-02T09:13:06Z">
          <reporter-output>
          </reporter-output>
        </test-method> <!-- openBrowser -->
        <test-method status="PASS" signature="verifyClickGO()[pri:1, instance:com.jbk.tests.UsefulLinksTest@50b494a6]" name="verifyClickGO" duration-ms="14910" started-at="2021-06-02T09:13:06Z" finished-at="2021-06-02T09:13:21Z">
          <reporter-output>
          </reporter-output>
        </test-method> <!-- verifyClickGO -->
        <test-method status="PASS" signature="closeBrowser()[pri:0, instance:com.jbk.tests.UsefulLinksTest@50b494a6]" name="closeBrowser" is-config="true" duration-ms="157" started-at="2021-06-02T09:13:21Z" finished-at="2021-06-02T09:13:22Z">
          <reporter-output>
          </reporter-output>
        </test-method> <!-- closeBrowser -->
        <test-method status="PASS" signature="openBrowser()[pri:0, instance:com.jbk.tests.UsefulLinksTest@50b494a6]" name="openBrowser" is-config="true" duration-ms="4852" started-at="2021-06-02T09:13:55Z" finished-at="2021-06-02T09:14:00Z">
          <reporter-output>
          </reporter-output>
        </test-method> <!-- openBrowser -->
        <test-method status="PASS" signature="verifyClickGoExcel()[pri:2, instance:com.jbk.tests.UsefulLinksTest@50b494a6]" name="verifyClickGoExcel" duration-ms="16327" started-at="2021-06-02T09:14:00Z" finished-at="2021-06-02T09:14:16Z">
          <reporter-output>
          </reporter-output>
        </test-method> <!-- verifyClickGoExcel -->
        <test-method status="PASS" signature="closeBrowser()[pri:0, instance:com.jbk.tests.UsefulLinksTest@50b494a6]" name="closeBrowser" is-config="true" duration-ms="153" started-at="2021-06-02T09:14:16Z" finished-at="2021-06-02T09:14:17Z">
          <reporter-output>
          </reporter-output>
        </test-method> <!-- closeBrowser -->
        <test-method status="PASS" signature="openBrowser()[pri:0, instance:com.jbk.tests.UsefulLinksTest@50b494a6]" name="openBrowser" is-config="true" duration-ms="4661" started-at="2021-06-02T09:14:51Z" finished-at="2021-06-02T09:14:55Z">
          <reporter-output>
          </reporter-output>
        </test-method> <!-- openBrowser -->
        <test-method status="PASS" signature="verifyComplete_UsefulLinksTable()[pri:3, instance:com.jbk.tests.UsefulLinksTest@50b494a6]" name="verifyComplete_UsefulLinksTable" duration-ms="539" started-at="2021-06-02T09:14:55Z" finished-at="2021-06-02T09:14:56Z">
          <reporter-output>
          </reporter-output>
        </test-method> <!-- verifyComplete_UsefulLinksTable -->
        <test-method status="PASS" signature="closeBrowser()[pri:0, instance:com.jbk.tests.UsefulLinksTest@50b494a6]" name="closeBrowser" is-config="true" duration-ms="195" started-at="2021-06-02T09:14:56Z" finished-at="2021-06-02T09:14:56Z">
          <reporter-output>
          </reporter-output>
        </test-method> <!-- closeBrowser -->
      </class> <!-- com.jbk.tests.UsefulLinksTest -->
      <class name="com.jbk.tests.OperatorsTest">
        <test-method status="PASS" signature="openBrowser()[pri:0, instance:com.jbk.tests.OperatorsTest@32709393]" name="openBrowser" is-config="true" duration-ms="4991" started-at="2021-06-02T09:13:27Z" finished-at="2021-06-02T09:13:32Z">
          <reporter-output>
          </reporter-output>
        </test-method> <!-- openBrowser -->
        <test-method status="PASS" signature="verifycontactNoLength()[pri:1, instance:com.jbk.tests.OperatorsTest@32709393]" name="verifycontactNoLength" duration-ms="389" started-at="2021-06-02T09:13:32Z" finished-at="2021-06-02T09:13:32Z">
          <reporter-output>
          </reporter-output>
        </test-method> <!-- verifycontactNoLength -->
        <test-method status="PASS" signature="closeBrowser()[pri:0, instance:com.jbk.tests.OperatorsTest@32709393]" name="closeBrowser" is-config="true" duration-ms="176" started-at="2021-06-02T09:13:32Z" finished-at="2021-06-02T09:13:32Z">
          <reporter-output>
          </reporter-output>
        </test-method> <!-- closeBrowser -->
        <test-method status="PASS" signature="openBrowser()[pri:0, instance:com.jbk.tests.OperatorsTest@32709393]" name="openBrowser" is-config="true" duration-ms="4692" started-at="2021-06-02T09:14:22Z" finished-at="2021-06-02T09:14:26Z">
          <reporter-output>
          </reporter-output>
        </test-method> <!-- openBrowser -->
        <test-method status="PASS" signature="verifyNamesInAlphabeticalOrder()[pri:2, instance:com.jbk.tests.OperatorsTest@32709393]" name="verifyNamesInAlphabeticalOrder" duration-ms="149" started-at="2021-06-02T09:14:26Z" finished-at="2021-06-02T09:14:27Z">
          <reporter-output>
          </reporter-output>
        </test-method> <!-- verifyNamesInAlphabeticalOrder -->
        <test-method status="PASS" signature="closeBrowser()[pri:0, instance:com.jbk.tests.OperatorsTest@32709393]" name="closeBrowser" is-config="true" duration-ms="202" started-at="2021-06-02T09:14:27Z" finished-at="2021-06-02T09:14:27Z">
          <reporter-output>
          </reporter-output>
        </test-method> <!-- closeBrowser -->
        <test-method status="PASS" signature="openBrowser()[pri:0, instance:com.jbk.tests.OperatorsTest@32709393]" name="openBrowser" is-config="true" duration-ms="5912" started-at="2021-06-02T09:15:02Z" finished-at="2021-06-02T09:15:08Z">
          <reporter-output>
          </reporter-output>
        </test-method> <!-- openBrowser -->
        <test-method status="PASS" signature="verifyPrefferedWayToConnect_WhatsApp()[pri:3, instance:com.jbk.tests.OperatorsTest@32709393]" name="verifyPrefferedWayToConnect_WhatsApp" duration-ms="376" started-at="2021-06-02T09:15:08Z" finished-at="2021-06-02T09:15:09Z">
          <reporter-output>
          </reporter-output>
        </test-method> <!-- verifyPrefferedWayToConnect_WhatsApp -->
        <test-method status="PASS" signature="closeBrowser()[pri:0, instance:com.jbk.tests.OperatorsTest@32709393]" name="closeBrowser" is-config="true" duration-ms="172" started-at="2021-06-02T09:15:09Z" finished-at="2021-06-02T09:15:09Z">
          <reporter-output>
          </reporter-output>
        </test-method> <!-- closeBrowser -->
        <test-method status="PASS" signature="openBrowser()[pri:0, instance:com.jbk.tests.OperatorsTest@32709393]" name="openBrowser" is-config="true" duration-ms="6155" started-at="2021-06-02T09:15:43Z" finished-at="2021-06-02T09:15:49Z">
          <reporter-output>
          </reporter-output>
        </test-method> <!-- openBrowser -->
        <test-method status="PASS" signature="verifyPrefferedWayToConnect_PhoneCall()[pri:4, instance:com.jbk.tests.OperatorsTest@32709393]" name="verifyPrefferedWayToConnect_PhoneCall" duration-ms="354" started-at="2021-06-02T09:15:49Z" finished-at="2021-06-02T09:15:50Z">
          <reporter-output>
          </reporter-output>
        </test-method> <!-- verifyPrefferedWayToConnect_PhoneCall -->
        <test-method status="PASS" signature="closeBrowser()[pri:0, instance:com.jbk.tests.OperatorsTest@32709393]" name="closeBrowser" is-config="true" duration-ms="150" started-at="2021-06-02T09:15:50Z" finished-at="2021-06-02T09:15:50Z">
          <reporter-output>
          </reporter-output>
        </test-method> <!-- closeBrowser -->
        <test-method status="PASS" signature="openBrowser()[pri:0, instance:com.jbk.tests.OperatorsTest@32709393]" name="openBrowser" is-config="true" duration-ms="4957" started-at="2021-06-02T09:16:17Z" finished-at="2021-06-02T09:16:22Z">
          <reporter-output>
          </reporter-output>
        </test-method> <!-- openBrowser -->
        <test-method status="PASS" signature="verifyPrefferedWayToConnect_WhatsApp_And_PhoneCall()[pri:5, instance:com.jbk.tests.OperatorsTest@32709393]" name="verifyPrefferedWayToConnect_WhatsApp_And_PhoneCall" duration-ms="476" started-at="2021-06-02T09:16:22Z" finished-at="2021-06-02T09:16:22Z">
          <reporter-output>
          </reporter-output>
        </test-method> <!-- verifyPrefferedWayToConnect_WhatsApp_And_PhoneCall -->
        <test-method status="PASS" signature="closeBrowser()[pri:0, instance:com.jbk.tests.OperatorsTest@32709393]" name="closeBrowser" is-config="true" duration-ms="140" started-at="2021-06-02T09:16:22Z" finished-at="2021-06-02T09:16:22Z">
          <reporter-output>
          </reporter-output>
        </test-method> <!-- closeBrowser -->
        <test-method status="PASS" signature="openBrowser()[pri:0, instance:com.jbk.tests.OperatorsTest@32709393]" name="openBrowser" is-config="true" duration-ms="4639" started-at="2021-06-02T09:16:38Z" finished-at="2021-06-02T09:16:43Z">
          <reporter-output>
          </reporter-output>
        </test-method> <!-- openBrowser -->
        <test-method status="PASS" signature="verifyPrefferedWayToConnect_WhatsApp_ButNot_PhoneCall()[pri:6, instance:com.jbk.tests.OperatorsTest@32709393]" name="verifyPrefferedWayToConnect_WhatsApp_ButNot_PhoneCall" duration-ms="498" started-at="2021-06-02T09:16:43Z" finished-at="2021-06-02T09:16:43Z">
          <reporter-output>
          </reporter-output>
        </test-method> <!-- verifyPrefferedWayToConnect_WhatsApp_ButNot_PhoneCall -->
        <test-method status="PASS" signature="closeBrowser()[pri:0, instance:com.jbk.tests.OperatorsTest@32709393]" name="closeBrowser" is-config="true" duration-ms="132" started-at="2021-06-02T09:16:43Z" finished-at="2021-06-02T09:16:43Z">
          <reporter-output>
          </reporter-output>
        </test-method> <!-- closeBrowser -->
        <test-method status="PASS" signature="openBrowser()[pri:0, instance:com.jbk.tests.OperatorsTest@32709393]" name="openBrowser" is-config="true" duration-ms="4647" started-at="2021-06-02T09:17:01Z" finished-at="2021-06-02T09:17:06Z">
          <reporter-output>
          </reporter-output>
        </test-method> <!-- openBrowser -->
        <test-method status="PASS" signature="verifyFacultiesAvailableOnMonday()[pri:7, instance:com.jbk.tests.OperatorsTest@32709393]" name="verifyFacultiesAvailableOnMonday" duration-ms="326" started-at="2021-06-02T09:17:06Z" finished-at="2021-06-02T09:17:06Z">
          <reporter-output>
          </reporter-output>
        </test-method> <!-- verifyFacultiesAvailableOnMonday -->
        <test-method status="PASS" signature="closeBrowser()[pri:0, instance:com.jbk.tests.OperatorsTest@32709393]" name="closeBrowser" is-config="true" duration-ms="151" started-at="2021-06-02T09:17:06Z" finished-at="2021-06-02T09:17:06Z">
          <reporter-output>
          </reporter-output>
        </test-method> <!-- closeBrowser -->
        <test-method status="PASS" signature="openBrowser()[pri:0, instance:com.jbk.tests.OperatorsTest@32709393]" name="openBrowser" is-config="true" duration-ms="4149" started-at="2021-06-02T09:17:21Z" finished-at="2021-06-02T09:17:25Z">
          <reporter-output>
          </reporter-output>
        </test-method> <!-- openBrowser -->
        <test-method status="PASS" signature="verifyFacultiesNotAvailableOnSunday()[pri:8, instance:com.jbk.tests.OperatorsTest@32709393]" name="verifyFacultiesNotAvailableOnSunday" duration-ms="313" started-at="2021-06-02T09:17:25Z" finished-at="2021-06-02T09:17:25Z">
          <reporter-output>
          </reporter-output>
        </test-method> <!-- verifyFacultiesNotAvailableOnSunday -->
        <test-method status="PASS" signature="closeBrowser()[pri:0, instance:com.jbk.tests.OperatorsTest@32709393]" name="closeBrowser" is-config="true" duration-ms="189" started-at="2021-06-02T09:17:25Z" finished-at="2021-06-02T09:17:26Z">
          <reporter-output>
          </reporter-output>
        </test-method> <!-- closeBrowser -->
        <test-method status="PASS" signature="openBrowser()[pri:0, instance:com.jbk.tests.OperatorsTest@32709393]" name="openBrowser" is-config="true" duration-ms="4373" started-at="2021-06-02T09:17:43Z" finished-at="2021-06-02T09:17:47Z">
          <reporter-output>
          </reporter-output>
        </test-method> <!-- openBrowser -->
        <test-method status="PASS" signature="verifyComplete_OperatorsTable()[pri:9, instance:com.jbk.tests.OperatorsTest@32709393]" name="verifyComplete_OperatorsTable" duration-ms="792" started-at="2021-06-02T09:17:47Z" finished-at="2021-06-02T09:17:48Z">
          <reporter-output>
          </reporter-output>
        </test-method> <!-- verifyComplete_OperatorsTable -->
        <test-method status="PASS" signature="closeBrowser()[pri:0, instance:com.jbk.tests.OperatorsTest@32709393]" name="closeBrowser" is-config="true" duration-ms="109" started-at="2021-06-02T09:17:48Z" finished-at="2021-06-02T09:17:48Z">
          <reporter-output>
          </reporter-output>
        </test-method> <!-- closeBrowser -->
      </class> <!-- com.jbk.tests.OperatorsTest -->
      <class name="com.jbk.tests.DownloadsTest">
        <test-method status="PASS" signature="openBrowser()[pri:0, instance:com.jbk.tests.DownloadsTest@cd2dae5]" name="openBrowser" is-config="true" duration-ms="5053" started-at="2021-06-02T09:13:44Z" finished-at="2021-06-02T09:13:49Z">
          <reporter-output>
          </reporter-output>
        </test-method> <!-- openBrowser -->
        <test-method status="PASS" signature="verifyOperatingSystem_32bit()[pri:1, instance:com.jbk.tests.DownloadsTest@cd2dae5]" name="verifyOperatingSystem_32bit" duration-ms="433" started-at="2021-06-02T09:13:49Z" finished-at="2021-06-02T09:13:50Z">
          <reporter-output>
          </reporter-output>
        </test-method> <!-- verifyOperatingSystem_32bit -->
        <test-method status="PASS" signature="closeBrowser()[pri:0, instance:com.jbk.tests.DownloadsTest@cd2dae5]" name="closeBrowser" is-config="true" duration-ms="217" started-at="2021-06-02T09:13:50Z" finished-at="2021-06-02T09:13:50Z">
          <reporter-output>
          </reporter-output>
        </test-method> <!-- closeBrowser -->
        <test-method status="PASS" signature="openBrowser()[pri:0, instance:com.jbk.tests.DownloadsTest@cd2dae5]" name="openBrowser" is-config="true" duration-ms="4973" started-at="2021-06-02T09:14:40Z" finished-at="2021-06-02T09:14:45Z">
          <reporter-output>
          </reporter-output>
        </test-method> <!-- openBrowser -->
        <test-method status="PASS" signature="verifyCommon()[pri:2, instance:com.jbk.tests.DownloadsTest@cd2dae5]" name="verifyCommon" duration-ms="404" started-at="2021-06-02T09:14:45Z" finished-at="2021-06-02T09:14:45Z">
          <reporter-output>
          </reporter-output>
        </test-method> <!-- verifyCommon -->
        <test-method status="PASS" signature="closeBrowser()[pri:0, instance:com.jbk.tests.DownloadsTest@cd2dae5]" name="closeBrowser" is-config="true" duration-ms="159" started-at="2021-06-02T09:14:45Z" finished-at="2021-06-02T09:14:46Z">
          <reporter-output>
          </reporter-output>
        </test-method> <!-- closeBrowser -->
        <test-method status="PASS" signature="openBrowser()[pri:0, instance:com.jbk.tests.DownloadsTest@cd2dae5]" name="openBrowser" is-config="true" duration-ms="5250" started-at="2021-06-02T09:15:25Z" finished-at="2021-06-02T09:15:31Z">
          <reporter-output>
          </reporter-output>
        </test-method> <!-- openBrowser -->
        <test-method status="PASS" signature="verifyNone()[pri:3, instance:com.jbk.tests.DownloadsTest@cd2dae5]" name="verifyNone" duration-ms="883" started-at="2021-06-02T09:15:31Z" finished-at="2021-06-02T09:15:31Z">
          <reporter-output>
          </reporter-output>
        </test-method> <!-- verifyNone -->
        <test-method status="PASS" signature="closeBrowser()[pri:0, instance:com.jbk.tests.DownloadsTest@cd2dae5]" name="closeBrowser" is-config="true" duration-ms="115" started-at="2021-06-02T09:15:31Z" finished-at="2021-06-02T09:15:32Z">
          <reporter-output>
          </reporter-output>
        </test-method> <!-- closeBrowser -->
        <test-method status="PASS" signature="openBrowser()[pri:0, instance:com.jbk.tests.DownloadsTest@cd2dae5]" name="openBrowser" is-config="true" duration-ms="6797" started-at="2021-06-02T09:15:57Z" finished-at="2021-06-02T09:16:04Z">
          <reporter-output>
          </reporter-output>
        </test-method> <!-- openBrowser -->
        <test-method status="PASS" signature="verifyComplete_DownloadsTable()[pri:4, instance:com.jbk.tests.DownloadsTest@cd2dae5]" name="verifyComplete_DownloadsTable" duration-ms="1482" started-at="2021-06-02T09:16:04Z" finished-at="2021-06-02T09:16:05Z">
          <reporter-output>
          </reporter-output>
        </test-method> <!-- verifyComplete_DownloadsTable -->
        <test-method status="PASS" signature="closeBrowser()[pri:0, instance:com.jbk.tests.DownloadsTest@cd2dae5]" name="closeBrowser" is-config="true" duration-ms="140" started-at="2021-06-02T09:16:05Z" finished-at="2021-06-02T09:16:05Z">
          <reporter-output>
          </reporter-output>
        </test-method> <!-- closeBrowser -->
      </class> <!-- com.jbk.tests.DownloadsTest -->
      <class name="com.jbk.tests.LoginTest">
        <test-method status="PASS" signature="openBrowser()[pri:0, instance:com.jbk.tests.LoginTest@49fc609f]" name="openBrowser" is-config="true" duration-ms="2784" started-at="2021-06-02T09:13:36Z" finished-at="2021-06-02T09:13:38Z">
          <reporter-output>
          </reporter-output>
        </test-method> <!-- openBrowser -->
        <test-method status="PASS" signature="verifyUrlOfLoginPage()[pri:1, instance:com.jbk.tests.LoginTest@49fc609f]" name="verifyUrlOfLoginPage" duration-ms="13" started-at="2021-06-02T09:13:38Z" finished-at="2021-06-02T09:13:38Z">
          <reporter-output>
          </reporter-output>
        </test-method> <!-- verifyUrlOfLoginPage -->
        <test-method status="PASS" signature="closeBrowser()[pri:0, instance:com.jbk.tests.LoginTest@49fc609f]" name="closeBrowser" is-config="true" duration-ms="188" started-at="2021-06-02T09:13:38Z" finished-at="2021-06-02T09:13:39Z">
          <reporter-output>
          </reporter-output>
        </test-method> <!-- closeBrowser -->
        <test-method status="PASS" signature="openBrowser()[pri:0, instance:com.jbk.tests.LoginTest@49fc609f]" name="openBrowser" is-config="true" duration-ms="3784" started-at="2021-06-02T09:14:30Z" finished-at="2021-06-02T09:14:34Z">
          <reporter-output>
          </reporter-output>
        </test-method> <!-- openBrowser -->
        <test-method status="PASS" signature="verifyTitle()[pri:2, instance:com.jbk.tests.LoginTest@49fc609f]" name="verifyTitle" duration-ms="8" started-at="2021-06-02T09:14:34Z" finished-at="2021-06-02T09:14:34Z">
          <reporter-output>
          </reporter-output>
        </test-method> <!-- verifyTitle -->
        <test-method status="PASS" signature="closeBrowser()[pri:0, instance:com.jbk.tests.LoginTest@49fc609f]" name="closeBrowser" is-config="true" duration-ms="121" started-at="2021-06-02T09:14:34Z" finished-at="2021-06-02T09:14:34Z">
          <reporter-output>
          </reporter-output>
        </test-method> <!-- closeBrowser -->
        <test-method status="PASS" signature="openBrowser()[pri:0, instance:com.jbk.tests.LoginTest@49fc609f]" name="openBrowser" is-config="true" duration-ms="3242" started-at="2021-06-02T09:15:13Z" finished-at="2021-06-02T09:15:16Z">
          <reporter-output>
          </reporter-output>
        </test-method> <!-- openBrowser -->
        <test-method status="PASS" signature="verifyLogo()[pri:3, instance:com.jbk.tests.LoginTest@49fc609f]" name="verifyLogo" duration-ms="64" started-at="2021-06-02T09:15:16Z" finished-at="2021-06-02T09:15:16Z">
          <reporter-output>
          </reporter-output>
        </test-method> <!-- verifyLogo -->
        <test-method status="PASS" signature="closeBrowser()[pri:0, instance:com.jbk.tests.LoginTest@49fc609f]" name="closeBrowser" is-config="true" duration-ms="212" started-at="2021-06-02T09:15:16Z" finished-at="2021-06-02T09:15:17Z">
          <reporter-output>
          </reporter-output>
        </test-method> <!-- closeBrowser -->
        <test-method status="PASS" signature="openBrowser()[pri:0, instance:com.jbk.tests.LoginTest@49fc609f]" name="openBrowser" is-config="true" duration-ms="3326" started-at="2021-06-02T09:15:53Z" finished-at="2021-06-02T09:15:57Z">
          <reporter-output>
          </reporter-output>
        </test-method> <!-- openBrowser -->
        <test-method status="PASS" signature="verifyMainHeading()[pri:4, instance:com.jbk.tests.LoginTest@49fc609f]" name="verifyMainHeading" duration-ms="63" started-at="2021-06-02T09:15:57Z" finished-at="2021-06-02T09:15:57Z">
          <reporter-output>
          </reporter-output>
        </test-method> <!-- verifyMainHeading -->
        <test-method status="PASS" signature="closeBrowser()[pri:0, instance:com.jbk.tests.LoginTest@49fc609f]" name="closeBrowser" is-config="true" duration-ms="138" started-at="2021-06-02T09:15:57Z" finished-at="2021-06-02T09:15:57Z">
          <reporter-output>
          </reporter-output>
        </test-method> <!-- closeBrowser -->
        <test-method status="PASS" signature="openBrowser()[pri:0, instance:com.jbk.tests.LoginTest@49fc609f]" name="openBrowser" is-config="true" duration-ms="2667" started-at="2021-06-02T09:16:26Z" finished-at="2021-06-02T09:16:29Z">
          <reporter-output>
          </reporter-output>
        </test-method> <!-- openBrowser -->
        <test-method status="PASS" signature="verifySubHeading()[pri:5, instance:com.jbk.tests.LoginTest@49fc609f]" name="verifySubHeading" duration-ms="55" started-at="2021-06-02T09:16:29Z" finished-at="2021-06-02T09:16:29Z">
          <reporter-output>
          </reporter-output>
        </test-method> <!-- verifySubHeading -->
        <test-method status="PASS" signature="closeBrowser()[pri:0, instance:com.jbk.tests.LoginTest@49fc609f]" name="closeBrowser" is-config="true" duration-ms="103" started-at="2021-06-02T09:16:29Z" finished-at="2021-06-02T09:16:29Z">
          <reporter-output>
          </reporter-output>
        </test-method> <!-- closeBrowser -->
        <test-method status="PASS" signature="openBrowser()[pri:0, instance:com.jbk.tests.LoginTest@49fc609f]" name="openBrowser" is-config="true" duration-ms="2688" started-at="2021-06-02T09:16:46Z" finished-at="2021-06-02T09:16:49Z">
          <reporter-output>
          </reporter-output>
        </test-method> <!-- openBrowser -->
        <test-method status="PASS" signature="verifySignInBoxHeading()[pri:6, instance:com.jbk.tests.LoginTest@49fc609f]" name="verifySignInBoxHeading" duration-ms="62" started-at="2021-06-02T09:16:49Z" finished-at="2021-06-02T09:16:49Z">
          <reporter-output>
          </reporter-output>
        </test-method> <!-- verifySignInBoxHeading -->
        <test-method status="PASS" signature="closeBrowser()[pri:0, instance:com.jbk.tests.LoginTest@49fc609f]" name="closeBrowser" is-config="true" duration-ms="108" started-at="2021-06-02T09:16:49Z" finished-at="2021-06-02T09:16:49Z">
          <reporter-output>
          </reporter-output>
        </test-method> <!-- closeBrowser -->
        <test-method status="PASS" signature="openBrowser()[pri:0, instance:com.jbk.tests.LoginTest@49fc609f]" name="openBrowser" is-config="true" duration-ms="2527" started-at="2021-06-02T09:17:10Z" finished-at="2021-06-02T09:17:12Z">
          <reporter-output>
          </reporter-output>
        </test-method> <!-- openBrowser -->
        <test-method status="PASS" signature="verifyPlaceholders()[pri:7, instance:com.jbk.tests.LoginTest@49fc609f]" name="verifyPlaceholders" duration-ms="71" started-at="2021-06-02T09:17:12Z" finished-at="2021-06-02T09:17:12Z">
          <reporter-output>
          </reporter-output>
        </test-method> <!-- verifyPlaceholders -->
        <test-method status="PASS" signature="closeBrowser()[pri:0, instance:com.jbk.tests.LoginTest@49fc609f]" name="closeBrowser" is-config="true" duration-ms="104" started-at="2021-06-02T09:17:12Z" finished-at="2021-06-02T09:17:12Z">
          <reporter-output>
          </reporter-output>
        </test-method> <!-- closeBrowser -->
        <test-method status="PASS" signature="openBrowser()[pri:0, instance:com.jbk.tests.LoginTest@49fc609f]" name="openBrowser" is-config="true" duration-ms="2552" started-at="2021-06-02T09:17:29Z" finished-at="2021-06-02T09:17:32Z">
          <reporter-output>
          </reporter-output>
        </test-method> <!-- openBrowser -->
        <test-method status="PASS" signature="verifyValidLogIn()[pri:8, instance:com.jbk.tests.LoginTest@49fc609f]" name="verifyValidLogIn" duration-ms="1413" started-at="2021-06-02T09:17:32Z" finished-at="2021-06-02T09:17:33Z">
          <reporter-output>
          </reporter-output>
        </test-method> <!-- verifyValidLogIn -->
        <test-method status="PASS" signature="closeBrowser()[pri:0, instance:com.jbk.tests.LoginTest@49fc609f]" name="closeBrowser" is-config="true" duration-ms="117" started-at="2021-06-02T09:17:33Z" finished-at="2021-06-02T09:17:33Z">
          <reporter-output>
          </reporter-output>
        </test-method> <!-- closeBrowser -->
        <test-method status="PASS" signature="openBrowser()[pri:0, instance:com.jbk.tests.LoginTest@49fc609f]" name="openBrowser" is-config="true" duration-ms="2573" started-at="2021-06-02T09:17:48Z" finished-at="2021-06-02T09:17:51Z">
          <reporter-output>
          </reporter-output>
        </test-method> <!-- openBrowser -->
        <test-method status="PASS" signature="verifyLogoutSuccessfullyMessage()[pri:9, instance:com.jbk.tests.LoginTest@49fc609f]" name="verifyLogoutSuccessfullyMessage" duration-ms="1763" started-at="2021-06-02T09:17:51Z" finished-at="2021-06-02T09:17:52Z">
          <reporter-output>
          </reporter-output>
        </test-method> <!-- verifyLogoutSuccessfullyMessage -->
        <test-method status="PASS" signature="closeBrowser()[pri:0, instance:com.jbk.tests.LoginTest@49fc609f]" name="closeBrowser" is-config="true" duration-ms="158" started-at="2021-06-02T09:17:52Z" finished-at="2021-06-02T09:17:52Z">
          <reporter-output>
          </reporter-output>
        </test-method> <!-- closeBrowser -->
        <test-method status="PASS" signature="openBrowser()[pri:0, instance:com.jbk.tests.LoginTest@49fc609f]" name="openBrowser" is-config="true" duration-ms="2575" started-at="2021-06-02T09:18:02Z" finished-at="2021-06-02T09:18:05Z">
          <reporter-output>
          </reporter-output>
        </test-method> <!-- openBrowser -->
        <test-method status="PASS" signature="verifyInvalidLogIn()[pri:10, instance:com.jbk.tests.LoginTest@49fc609f]" name="verifyInvalidLogIn" duration-ms="380" started-at="2021-06-02T09:18:05Z" finished-at="2021-06-02T09:18:05Z">
          <reporter-output>
          </reporter-output>
        </test-method> <!-- verifyInvalidLogIn -->
        <test-method status="PASS" signature="closeBrowser()[pri:0, instance:com.jbk.tests.LoginTest@49fc609f]" name="closeBrowser" is-config="true" duration-ms="148" started-at="2021-06-02T09:18:05Z" finished-at="2021-06-02T09:18:05Z">
          <reporter-output>
          </reporter-output>
        </test-method> <!-- closeBrowser -->
        <test-method status="PASS" signature="openBrowser()[pri:0, instance:com.jbk.tests.LoginTest@49fc609f]" name="openBrowser" is-config="true" duration-ms="2389" started-at="2021-06-02T09:18:10Z" finished-at="2021-06-02T09:18:12Z">
          <reporter-output>
          </reporter-output>
        </test-method> <!-- openBrowser -->
        <test-method status="PASS" signature="verifyInvalidLogInErrorMessage()[pri:11, instance:com.jbk.tests.LoginTest@49fc609f]" name="verifyInvalidLogInErrorMessage" duration-ms="461" started-at="2021-06-02T09:18:12Z" finished-at="2021-06-02T09:18:13Z">
          <reporter-output>
          </reporter-output>
        </test-method> <!-- verifyInvalidLogInErrorMessage -->
        <test-method status="PASS" signature="closeBrowser()[pri:0, instance:com.jbk.tests.LoginTest@49fc609f]" name="closeBrowser" is-config="true" duration-ms="119" started-at="2021-06-02T09:18:13Z" finished-at="2021-06-02T09:18:13Z">
          <reporter-output>
          </reporter-output>
        </test-method> <!-- closeBrowser -->
        <test-method status="PASS" signature="openBrowser()[pri:0, instance:com.jbk.tests.LoginTest@49fc609f]" name="openBrowser" is-config="true" duration-ms="2366" started-at="2021-06-02T09:18:17Z" finished-at="2021-06-02T09:18:20Z">
          <reporter-output>
          </reporter-output>
        </test-method> <!-- openBrowser -->
        <test-method status="PASS" signature="verifyBlankLogInErrorMessage()[pri:12, instance:com.jbk.tests.LoginTest@49fc609f]" name="verifyBlankLogInErrorMessage" duration-ms="379" started-at="2021-06-02T09:18:20Z" finished-at="2021-06-02T09:18:20Z">
          <reporter-output>
          </reporter-output>
        </test-method> <!-- verifyBlankLogInErrorMessage -->
        <test-method status="PASS" signature="closeBrowser()[pri:0, instance:com.jbk.tests.LoginTest@49fc609f]" name="closeBrowser" is-config="true" duration-ms="114" started-at="2021-06-02T09:18:20Z" finished-at="2021-06-02T09:18:20Z">
          <reporter-output>
          </reporter-output>
        </test-method> <!-- closeBrowser -->
        <test-method status="PASS" signature="openBrowser()[pri:0, instance:com.jbk.tests.LoginTest@49fc609f]" name="openBrowser" is-config="true" duration-ms="2488" started-at="2021-06-02T09:18:25Z" finished-at="2021-06-02T09:18:27Z">
          <reporter-output>
          </reporter-output>
        </test-method> <!-- openBrowser -->
        <test-method status="PASS" signature="verifyRegisterLinkText()[pri:13, instance:com.jbk.tests.LoginTest@49fc609f]" name="verifyRegisterLinkText" duration-ms="59" started-at="2021-06-02T09:18:27Z" finished-at="2021-06-02T09:18:27Z">
          <reporter-output>
          </reporter-output>
        </test-method> <!-- verifyRegisterLinkText -->
        <test-method status="PASS" signature="closeBrowser()[pri:0, instance:com.jbk.tests.LoginTest@49fc609f]" name="closeBrowser" is-config="true" duration-ms="85" started-at="2021-06-02T09:18:27Z" finished-at="2021-06-02T09:18:27Z">
          <reporter-output>
          </reporter-output>
        </test-method> <!-- closeBrowser -->
        <test-method status="PASS" signature="openBrowser()[pri:0, instance:com.jbk.tests.LoginTest@49fc609f]" name="openBrowser" is-config="true" duration-ms="2373" started-at="2021-06-02T09:18:31Z" finished-at="2021-06-02T09:18:34Z">
          <reporter-output>
          </reporter-output>
        </test-method> <!-- openBrowser -->
        <test-method status="PASS" signature="verifyRegisterLink()[pri:14, instance:com.jbk.tests.LoginTest@49fc609f]" name="verifyRegisterLink" duration-ms="233" started-at="2021-06-02T09:18:34Z" finished-at="2021-06-02T09:18:34Z">
          <reporter-output>
          </reporter-output>
        </test-method> <!-- verifyRegisterLink -->
        <test-method status="PASS" signature="closeBrowser()[pri:0, instance:com.jbk.tests.LoginTest@49fc609f]" name="closeBrowser" is-config="true" duration-ms="116" started-at="2021-06-02T09:18:34Z" finished-at="2021-06-02T09:18:34Z">
          <reporter-output>
          </reporter-output>
        </test-method> <!-- closeBrowser -->
        <test-method status="PASS" signature="openBrowser()[pri:0, instance:com.jbk.tests.LoginTest@49fc609f]" name="openBrowser" is-config="true" duration-ms="2444" started-at="2021-06-02T09:18:38Z" finished-at="2021-06-02T09:18:41Z">
          <reporter-output>
          </reporter-output>
        </test-method> <!-- openBrowser -->
        <test-method status="PASS" signature="loginWithAlldata()[pri:15, instance:com.jbk.tests.LoginTest@49fc609f]" name="loginWithAlldata" duration-ms="3758" started-at="2021-06-02T09:18:41Z" finished-at="2021-06-02T09:18:44Z">
          <reporter-output>
          </reporter-output>
        </test-method> <!-- loginWithAlldata -->
        <test-method status="PASS" signature="closeBrowser()[pri:0, instance:com.jbk.tests.LoginTest@49fc609f]" name="closeBrowser" is-config="true" duration-ms="140" started-at="2021-06-02T09:18:44Z" finished-at="2021-06-02T09:18:45Z">
          <reporter-output>
          </reporter-output>
        </test-method> <!-- closeBrowser -->
      </class> <!-- com.jbk.tests.LoginTest -->
      <class name="com.jbk.tests.UsersTest">
        <test-method status="PASS" signature="openBrowser()[pri:0, instance:com.jbk.tests.UsersTest@6e6c3152]" name="openBrowser" is-config="true" duration-ms="6187" started-at="2021-06-02T09:12:55Z" finished-at="2021-06-02T09:13:01Z">
          <reporter-output>
          </reporter-output>
        </test-method> <!-- openBrowser -->
        <test-method status="PASS" signature="verifyHeadingsAl()[pri:1, instance:com.jbk.tests.UsersTest@6e6c3152]" name="verifyHeadingsAl" duration-ms="200" started-at="2021-06-02T09:13:01Z" finished-at="2021-06-02T09:13:01Z">
          <reporter-output>
          </reporter-output>
        </test-method> <!-- verifyHeadingsAl -->
        <test-method status="PASS" signature="closeBrowser()[pri:0, instance:com.jbk.tests.UsersTest@6e6c3152]" name="closeBrowser" is-config="true" duration-ms="186" started-at="2021-06-02T09:13:01Z" finished-at="2021-06-02T09:13:01Z">
          <reporter-output>
          </reporter-output>
        </test-method> <!-- closeBrowser -->
        <test-method status="PASS" signature="openBrowser()[pri:0, instance:com.jbk.tests.UsersTest@6e6c3152]" name="openBrowser" is-config="true" duration-ms="4745" started-at="2021-06-02T09:13:50Z" finished-at="2021-06-02T09:13:55Z">
          <reporter-output>
          </reporter-output>
        </test-method> <!-- openBrowser -->
        <test-method status="PASS" signature="verifyMobNoLength()[pri:2, instance:com.jbk.tests.UsersTest@6e6c3152]" name="verifyMobNoLength" duration-ms="254" started-at="2021-06-02T09:13:55Z" finished-at="2021-06-02T09:13:55Z">
          <reporter-output>
          </reporter-output>
        </test-method> <!-- verifyMobNoLength -->
        <test-method status="PASS" signature="closeBrowser()[pri:0, instance:com.jbk.tests.UsersTest@6e6c3152]" name="closeBrowser" is-config="true" duration-ms="149" started-at="2021-06-02T09:13:55Z" finished-at="2021-06-02T09:13:55Z">
          <reporter-output>
          </reporter-output>
        </test-method> <!-- closeBrowser -->
        <test-method status="PASS" signature="openBrowser()[pri:0, instance:com.jbk.tests.UsersTest@6e6c3152]" name="openBrowser" is-config="true" duration-ms="4812" started-at="2021-06-02T09:14:46Z" finished-at="2021-06-02T09:14:50Z">
          <reporter-output>
          </reporter-output>
        </test-method> <!-- openBrowser -->
        <test-method status="PASS" signature="verifyMaleGender()[pri:3, instance:com.jbk.tests.UsersTest@6e6c3152]" name="verifyMaleGender" duration-ms="305" started-at="2021-06-02T09:14:50Z" finished-at="2021-06-02T09:14:51Z">
          <reporter-output>
          </reporter-output>
        </test-method> <!-- verifyMaleGender -->
        <test-method status="PASS" signature="closeBrowser()[pri:0, instance:com.jbk.tests.UsersTest@6e6c3152]" name="closeBrowser" is-config="true" duration-ms="180" started-at="2021-06-02T09:14:51Z" finished-at="2021-06-02T09:14:51Z">
          <reporter-output>
          </reporter-output>
        </test-method> <!-- closeBrowser -->
        <test-method status="PASS" signature="openBrowser()[pri:0, instance:com.jbk.tests.UsersTest@6e6c3152]" name="openBrowser" is-config="true" duration-ms="5608" started-at="2021-06-02T09:15:32Z" finished-at="2021-06-02T09:15:37Z">
          <reporter-output>
          </reporter-output>
        </test-method> <!-- openBrowser -->
        <test-method status="PASS" signature="verifyUnameInOrder()[pri:4, instance:com.jbk.tests.UsersTest@6e6c3152]" name="verifyUnameInOrder" duration-ms="124" started-at="2021-06-02T09:15:37Z" finished-at="2021-06-02T09:15:37Z">
          <reporter-output>
          </reporter-output>
        </test-method> <!-- verifyUnameInOrder -->
        <test-method status="PASS" signature="closeBrowser()[pri:0, instance:com.jbk.tests.UsersTest@6e6c3152]" name="closeBrowser" is-config="true" duration-ms="151" started-at="2021-06-02T09:15:37Z" finished-at="2021-06-02T09:15:37Z">
          <reporter-output>
          </reporter-output>
        </test-method> <!-- closeBrowser -->
        <test-method status="PASS" signature="openBrowser()[pri:0, instance:com.jbk.tests.UsersTest@6e6c3152]" name="openBrowser" is-config="true" duration-ms="6590" started-at="2021-06-02T09:16:05Z" finished-at="2021-06-02T09:16:12Z">
          <reporter-output>
          </reporter-output>
        </test-method> <!-- openBrowser -->
        <test-method status="PASS" signature="verifyStateMaharashtra()[pri:5, instance:com.jbk.tests.UsersTest@6e6c3152]" name="verifyStateMaharashtra" duration-ms="291" started-at="2021-06-02T09:16:12Z" finished-at="2021-06-02T09:16:12Z">
          <reporter-output>
          </reporter-output>
        </test-method> <!-- verifyStateMaharashtra -->
        <test-method status="PASS" signature="closeBrowser()[pri:0, instance:com.jbk.tests.UsersTest@6e6c3152]" name="closeBrowser" is-config="true" duration-ms="140" started-at="2021-06-02T09:16:12Z" finished-at="2021-06-02T09:16:12Z">
          <reporter-output>
          </reporter-output>
        </test-method> <!-- closeBrowser -->
        <test-method status="PASS" signature="openBrowser()[pri:0, instance:com.jbk.tests.UsersTest@6e6c3152]" name="openBrowser" is-config="true" duration-ms="4309" started-at="2021-06-02T09:16:29Z" finished-at="2021-06-02T09:16:33Z">
          <reporter-output>
          </reporter-output>
        </test-method> <!-- openBrowser -->
        <test-method status="PASS" signature="verifyGmail_com()[pri:6, instance:com.jbk.tests.UsersTest@6e6c3152]" name="verifyGmail_com" duration-ms="263" started-at="2021-06-02T09:16:33Z" finished-at="2021-06-02T09:16:33Z">
          <reporter-output>
          </reporter-output>
        </test-method> <!-- verifyGmail_com -->
        <test-method status="PASS" signature="closeBrowser()[pri:0, instance:com.jbk.tests.UsersTest@6e6c3152]" name="closeBrowser" is-config="true" duration-ms="150" started-at="2021-06-02T09:16:33Z" finished-at="2021-06-02T09:16:33Z">
          <reporter-output>
          </reporter-output>
        </test-method> <!-- closeBrowser -->
        <test-method status="PASS" signature="openBrowser()[pri:0, instance:com.jbk.tests.UsersTest@6e6c3152]" name="openBrowser" is-config="true" duration-ms="5302" started-at="2021-06-02T09:16:49Z" finished-at="2021-06-02T09:16:54Z">
          <reporter-output>
          </reporter-output>
        </test-method> <!-- openBrowser -->
        <test-method status="PASS" signature="verifyClickDeleteAlertMsg()[pri:7, instance:com.jbk.tests.UsersTest@6e6c3152]" name="verifyClickDeleteAlertMsg" duration-ms="430" started-at="2021-06-02T09:16:54Z" finished-at="2021-06-02T09:16:55Z">
          <reporter-output>
          </reporter-output>
        </test-method> <!-- verifyClickDeleteAlertMsg -->
        <test-method status="PASS" signature="closeBrowser()[pri:0, instance:com.jbk.tests.UsersTest@6e6c3152]" name="closeBrowser" is-config="true" duration-ms="127" started-at="2021-06-02T09:16:55Z" finished-at="2021-06-02T09:16:55Z">
          <reporter-output>
          </reporter-output>
        </test-method> <!-- closeBrowser -->
        <test-method status="PASS" signature="openBrowser()[pri:0, instance:com.jbk.tests.UsersTest@6e6c3152]" name="openBrowser" is-config="true" duration-ms="4087" started-at="2021-06-02T09:17:12Z" finished-at="2021-06-02T09:17:16Z">
          <reporter-output>
          </reporter-output>
        </test-method> <!-- openBrowser -->
        <test-method status="PASS" signature="verifySeleniumFaculty()[pri:8, instance:com.jbk.tests.UsersTest@6e6c3152]" name="verifySeleniumFaculty" duration-ms="251" started-at="2021-06-02T09:17:16Z" finished-at="2021-06-02T09:17:17Z">
          <reporter-output>
          </reporter-output>
        </test-method> <!-- verifySeleniumFaculty -->
        <test-method status="PASS" signature="closeBrowser()[pri:0, instance:com.jbk.tests.UsersTest@6e6c3152]" name="closeBrowser" is-config="true" duration-ms="111" started-at="2021-06-02T09:17:17Z" finished-at="2021-06-02T09:17:17Z">
          <reporter-output>
          </reporter-output>
        </test-method> <!-- closeBrowser -->
        <test-method status="PASS" signature="openBrowser()[pri:0, instance:com.jbk.tests.UsersTest@6e6c3152]" name="openBrowser" is-config="true" duration-ms="4203" started-at="2021-06-02T09:17:33Z" finished-at="2021-06-02T09:17:38Z">
          <reporter-output>
          </reporter-output>
        </test-method> <!-- openBrowser -->
        <test-method status="PASS" signature="verifyToolTip()[pri:9, instance:com.jbk.tests.UsersTest@6e6c3152]" name="verifyToolTip" duration-ms="120" started-at="2021-06-02T09:17:38Z" finished-at="2021-06-02T09:17:38Z">
          <reporter-output>
          </reporter-output>
        </test-method> <!-- verifyToolTip -->
        <test-method status="PASS" signature="closeBrowser()[pri:0, instance:com.jbk.tests.UsersTest@6e6c3152]" name="closeBrowser" is-config="true" duration-ms="111" started-at="2021-06-02T09:17:38Z" finished-at="2021-06-02T09:17:38Z">
          <reporter-output>
          </reporter-output>
        </test-method> <!-- closeBrowser -->
        <test-method status="PASS" signature="openBrowser()[pri:0, instance:com.jbk.tests.UsersTest@6e6c3152]" name="openBrowser" is-config="true" duration-ms="4212" started-at="2021-06-02T09:17:52Z" finished-at="2021-06-02T09:17:57Z">
          <reporter-output>
          </reporter-output>
        </test-method> <!-- openBrowser -->
        <test-method status="PASS" signature="verifyComplete_UsersTable()[pri:10, instance:com.jbk.tests.UsersTest@6e6c3152]" name="verifyComplete_UsersTable" duration-ms="777" started-at="2021-06-02T09:17:57Z" finished-at="2021-06-02T09:17:57Z">
          <reporter-output>
          </reporter-output>
        </test-method> <!-- verifyComplete_UsersTable -->
        <test-method status="PASS" signature="closeBrowser()[pri:0, instance:com.jbk.tests.UsersTest@6e6c3152]" name="closeBrowser" is-config="true" duration-ms="151" started-at="2021-06-02T09:17:57Z" finished-at="2021-06-02T09:17:58Z">
          <reporter-output>
          </reporter-output>
        </test-method> <!-- closeBrowser -->
      </class> <!-- com.jbk.tests.UsersTest -->
    </test> <!-- Default test -->
  </suite> <!-- Default suite -->
</testng-results>
