<?xml version="1.0" encoding="UTF-8"?>
<testng-results skipped="4" failed="1" ignored="2" total="8" passed="1">
  <reporter-output>
  </reporter-output>
  <suite name="Suite" duration-ms="11649" started-at="2021-06-02T15:11:49Z" finished-at="2021-06-02T15:12:01Z">
    <groups>
    </groups>
    <test name="Test" duration-ms="11649" started-at="2021-06-02T15:11:49Z" finished-at="2021-06-02T15:12:01Z">
      <class name="com.jbk.tests.AddUserTest">
        <test-method status="PASS" signature="setExtent()[pri:0, instance:com.jbk.tests.AddUserTest@6e0e048a]" name="setExtent" is-config="true" duration-ms="159" started-at="2021-06-02T20:41:49Z" finished-at="2021-06-02T20:41:49Z">
          <reporter-output>
          </reporter-output>
        </test-method> <!-- setExtent -->
        <test-method status="PASS" signature="openBrowser()[pri:0, instance:com.jbk.tests.AddUserTest@6e0e048a]" name="openBrowser" is-config="true" duration-ms="6167" started-at="2021-06-02T20:41:49Z" finished-at="2021-06-02T20:41:56Z">
          <reporter-output>
          </reporter-output>
        </test-method> <!-- openBrowser -->
        <test-method status="PASS" signature="verifyPrintingDragDownOptions()[pri:1, instance:com.jbk.tests.AddUserTest@6e0e048a]" name="verifyPrintingDragDownOptions" duration-ms="261" started-at="2021-06-02T20:41:56Z" finished-at="2021-06-02T20:41:56Z">
          <reporter-output>
          </reporter-output>
        </test-method> <!-- verifyPrintingDragDownOptions -->
        <test-method status="PASS" signature="closeBrowser()[pri:0, instance:com.jbk.tests.AddUserTest@6e0e048a]" name="closeBrowser" is-config="true" duration-ms="130" started-at="2021-06-02T20:41:56Z" finished-at="2021-06-02T20:41:56Z">
          <reporter-output>
          </reporter-output>
        </test-method> <!-- closeBrowser -->
        <test-method status="PASS" signature="tearDown(org.testng.ITestResult)[pri:0, instance:com.jbk.tests.AddUserTest@6e0e048a]" name="tearDown" is-config="true" duration-ms="17" started-at="2021-06-02T20:41:56Z" finished-at="2021-06-02T20:41:56Z">
          <params>
            <param index="0">
              <value>
                <![CDATA[[TestResult name=verifyPrintingDragDownOptions status=SUCCESS method=AddUserTest.verifyPrintingDragDownOptions()[pri:1, instance:com.jbk.tests.AddUserTest@6e0e048a] output={null}]]]>
              </value>
            </param>
          </params>
          <reporter-output>
          </reporter-output>
        </test-method> <!-- tearDown -->
        <test-method status="SKIP" signature="openBrowser()[pri:0, instance:com.jbk.tests.AddUserTest@6e0e048a]" name="openBrowser" is-config="true" duration-ms="0" started-at="2021-06-02T20:42:01Z" finished-at="2021-06-02T20:42:01Z">
          <reporter-output>
          </reporter-output>
        </test-method> <!-- openBrowser -->
        <test-method status="SKIP" signature="verifyprintingDragDownOptExcel()[pri:2, instance:com.jbk.tests.AddUserTest@6e0e048a]" name="verifyprintingDragDownOptExcel" duration-ms="3" started-at="2021-06-02T20:42:01Z" finished-at="2021-06-02T20:42:01Z">
          <exception class="java.lang.NullPointerException">
            <full-stacktrace>
              <![CDATA[java.lang.NullPointerException
	at com.jbk.testBase.TestBase.tearDown(TestBase.java:116)
	at sun.reflect.NativeMethodAccessorImpl.invoke0(Native Method)
	at sun.reflect.NativeMethodAccessorImpl.invoke(Unknown Source)
	at sun.reflect.DelegatingMethodAccessorImpl.invoke(Unknown Source)
	at java.lang.reflect.Method.invoke(Unknown Source)
	at org.testng.internal.MethodInvocationHelper.invokeMethod(MethodInvocationHelper.java:104)
	at org.testng.internal.Invoker.invokeConfigurationMethod(Invoker.java:515)
	at org.testng.internal.Invoker.invokeConfigurations(Invoker.java:217)
	at org.testng.internal.Invoker.invokeMethod(Invoker.java:712)
	at org.testng.internal.Invoker.invokeTestMethod(Invoker.java:851)
	at org.testng.internal.Invoker.invokeTestMethods(Invoker.java:1177)
	at org.testng.internal.TestMethodWorker.invokeTestMethods(TestMethodWorker.java:129)
	at org.testng.internal.TestMethodWorker.run(TestMethodWorker.java:112)
	at org.testng.TestRunner.privateRun(TestRunner.java:756)
	at org.testng.TestRunner.run(TestRunner.java:610)
	at org.testng.SuiteRunner.runTest(SuiteRunner.java:387)
	at org.testng.SuiteRunner.runSequentially(SuiteRunner.java:382)
	at org.testng.SuiteRunner.privateRun(SuiteRunner.java:340)
	at org.testng.SuiteRunner.run(SuiteRunner.java:289)
	at org.testng.SuiteRunnerWorker.runSuite(SuiteRunnerWorker.java:52)
	at org.testng.SuiteRunnerWorker.run(SuiteRunnerWorker.java:86)
	at org.testng.TestNG.runSuitesSequentially(TestNG.java:1293)
	at org.testng.TestNG.runSuitesLocally(TestNG.java:1218)
	at org.testng.TestNG.runSuites(TestNG.java:1133)
	at org.testng.TestNG.run(TestNG.java:1104)
	at org.testng.remote.AbstractRemoteTestNG.run(AbstractRemoteTestNG.java:132)
	at org.testng.remote.RemoteTestNG.initAndRun(RemoteTestNG.java:236)
	at org.testng.remote.RemoteTestNG.main(RemoteTestNG.java:81)
]]>
            </full-stacktrace>
          </exception> <!-- java.lang.NullPointerException -->
          <reporter-output>
          </reporter-output>
        </test-method> <!-- verifyprintingDragDownOptExcel -->
        <test-method status="SKIP" signature="closeBrowser()[pri:0, instance:com.jbk.tests.AddUserTest@6e0e048a]" name="closeBrowser" is-config="true" duration-ms="0" started-at="2021-06-02T20:42:01Z" finished-at="2021-06-02T20:42:01Z">
          <reporter-output>
          </reporter-output>
        </test-method> <!-- closeBrowser -->
        <test-method status="SKIP" signature="tearDown(org.testng.ITestResult)[pri:0, instance:com.jbk.tests.AddUserTest@6e0e048a]" name="tearDown" is-config="true" duration-ms="0" started-at="2021-06-02T20:42:01Z" finished-at="2021-06-02T20:42:01Z">
          <reporter-output>
          </reporter-output>
        </test-method> <!-- tearDown -->
        <test-method status="SKIP" signature="openBrowser()[pri:0, instance:com.jbk.tests.AddUserTest@6e0e048a]" name="openBrowser" is-config="true" duration-ms="0" started-at="2021-06-02T20:42:01Z" finished-at="2021-06-02T20:42:01Z">
          <reporter-output>
          </reporter-output>
        </test-method> <!-- openBrowser -->
        <test-method status="SKIP" signature="verifyValidAddUser()[pri:3, instance:com.jbk.tests.AddUserTest@6e0e048a]" name="verifyValidAddUser" duration-ms="0" started-at="2021-06-02T20:42:01Z" finished-at="2021-06-02T20:42:01Z">
          <exception class="java.lang.NullPointerException">
            <full-stacktrace>
              <![CDATA[java.lang.NullPointerException
	at com.jbk.testBase.TestBase.tearDown(TestBase.java:116)
	at sun.reflect.NativeMethodAccessorImpl.invoke0(Native Method)
	at sun.reflect.NativeMethodAccessorImpl.invoke(Unknown Source)
	at sun.reflect.DelegatingMethodAccessorImpl.invoke(Unknown Source)
	at java.lang.reflect.Method.invoke(Unknown Source)
	at org.testng.internal.MethodInvocationHelper.invokeMethod(MethodInvocationHelper.java:104)
	at org.testng.internal.Invoker.invokeConfigurationMethod(Invoker.java:515)
	at org.testng.internal.Invoker.invokeConfigurations(Invoker.java:217)
	at org.testng.internal.Invoker.invokeMethod(Invoker.java:712)
	at org.testng.internal.Invoker.invokeTestMethod(Invoker.java:851)
	at org.testng.internal.Invoker.invokeTestMethods(Invoker.java:1177)
	at org.testng.internal.TestMethodWorker.invokeTestMethods(TestMethodWorker.java:129)
	at org.testng.internal.TestMethodWorker.run(TestMethodWorker.java:112)
	at org.testng.TestRunner.privateRun(TestRunner.java:756)
	at org.testng.TestRunner.run(TestRunner.java:610)
	at org.testng.SuiteRunner.runTest(SuiteRunner.java:387)
	at org.testng.SuiteRunner.runSequentially(SuiteRunner.java:382)
	at org.testng.SuiteRunner.privateRun(SuiteRunner.java:340)
	at org.testng.SuiteRunner.run(SuiteRunner.java:289)
	at org.testng.SuiteRunnerWorker.runSuite(SuiteRunnerWorker.java:52)
	at org.testng.SuiteRunnerWorker.run(SuiteRunnerWorker.java:86)
	at org.testng.TestNG.runSuitesSequentially(TestNG.java:1293)
	at org.testng.TestNG.runSuitesLocally(TestNG.java:1218)
	at org.testng.TestNG.runSuites(TestNG.java:1133)
	at org.testng.TestNG.run(TestNG.java:1104)
	at org.testng.remote.AbstractRemoteTestNG.run(AbstractRemoteTestNG.java:132)
	at org.testng.remote.RemoteTestNG.initAndRun(RemoteTestNG.java:236)
	at org.testng.remote.RemoteTestNG.main(RemoteTestNG.java:81)
]]>
            </full-stacktrace>
          </exception> <!-- java.lang.NullPointerException -->
          <reporter-output>
          </reporter-output>
        </test-method> <!-- verifyValidAddUser -->
        <test-method status="SKIP" signature="closeBrowser()[pri:0, instance:com.jbk.tests.AddUserTest@6e0e048a]" name="closeBrowser" is-config="true" duration-ms="0" started-at="2021-06-02T20:42:01Z" finished-at="2021-06-02T20:42:01Z">
          <reporter-output>
          </reporter-output>
        </test-method> <!-- closeBrowser -->
        <test-method status="SKIP" signature="tearDown(org.testng.ITestResult)[pri:0, instance:com.jbk.tests.AddUserTest@6e0e048a]" name="tearDown" is-config="true" duration-ms="0" started-at="2021-06-02T20:42:01Z" finished-at="2021-06-02T20:42:01Z">
          <reporter-output>
          </reporter-output>
        </test-method> <!-- tearDown -->
        <test-method status="SKIP" signature="endReport()[pri:0, instance:com.jbk.tests.AddUserTest@6e0e048a]" name="endReport" is-config="true" duration-ms="0" started-at="2021-06-02T20:42:01Z" finished-at="2021-06-02T20:42:01Z">
          <reporter-output>
          </reporter-output>
        </test-method> <!-- endReport -->
      </class> <!-- com.jbk.tests.AddUserTest -->
      <class name="com.jbk.tests.UsefulLinksTest">
        <test-method status="PASS" signature="openBrowser()[pri:0, instance:com.jbk.tests.UsefulLinksTest@5bc79255]" name="openBrowser" is-config="true" duration-ms="4874" started-at="2021-06-02T20:41:56Z" finished-at="2021-06-02T20:42:01Z">
          <reporter-output>
          </reporter-output>
        </test-method> <!-- openBrowser -->
        <test-method status="FAIL" signature="verifyClickGO()[pri:1, instance:com.jbk.tests.UsefulLinksTest@5bc79255]" name="verifyClickGO" duration-ms="6" started-at="2021-06-02T20:42:01Z" finished-at="2021-06-02T20:42:01Z">
          <exception class="java.lang.NullPointerException">
            <full-stacktrace>
              <![CDATA[java.lang.NullPointerException
	at com.jbk.tests.UsefulLinksTest.verifyClickGO(UsefulLinksTest.java:35)
	at sun.reflect.NativeMethodAccessorImpl.invoke0(Native Method)
	at sun.reflect.NativeMethodAccessorImpl.invoke(Unknown Source)
	at sun.reflect.DelegatingMethodAccessorImpl.invoke(Unknown Source)
	at java.lang.reflect.Method.invoke(Unknown Source)
	at org.testng.internal.MethodInvocationHelper.invokeMethod(MethodInvocationHelper.java:104)
	at org.testng.internal.Invoker.invokeMethod(Invoker.java:645)
	at org.testng.internal.Invoker.invokeTestMethod(Invoker.java:851)
	at org.testng.internal.Invoker.invokeTestMethods(Invoker.java:1177)
	at org.testng.internal.TestMethodWorker.invokeTestMethods(TestMethodWorker.java:129)
	at org.testng.internal.TestMethodWorker.run(TestMethodWorker.java:112)
	at org.testng.TestRunner.privateRun(TestRunner.java:756)
	at org.testng.TestRunner.run(TestRunner.java:610)
	at org.testng.SuiteRunner.runTest(SuiteRunner.java:387)
	at org.testng.SuiteRunner.runSequentially(SuiteRunner.java:382)
	at org.testng.SuiteRunner.privateRun(SuiteRunner.java:340)
	at org.testng.SuiteRunner.run(SuiteRunner.java:289)
	at org.testng.SuiteRunnerWorker.runSuite(SuiteRunnerWorker.java:52)
	at org.testng.SuiteRunnerWorker.run(SuiteRunnerWorker.java:86)
	at org.testng.TestNG.runSuitesSequentially(TestNG.java:1293)
	at org.testng.TestNG.runSuitesLocally(TestNG.java:1218)
	at org.testng.TestNG.runSuites(TestNG.java:1133)
	at org.testng.TestNG.run(TestNG.java:1104)
	at org.testng.remote.AbstractRemoteTestNG.run(AbstractRemoteTestNG.java:132)
	at org.testng.remote.RemoteTestNG.initAndRun(RemoteTestNG.java:236)
	at org.testng.remote.RemoteTestNG.main(RemoteTestNG.java:81)
]]>
            </full-stacktrace>
          </exception> <!-- java.lang.NullPointerException -->
          <reporter-output>
          </reporter-output>
        </test-method> <!-- verifyClickGO -->
        <test-method status="PASS" signature="closeBrowser()[pri:0, instance:com.jbk.tests.UsefulLinksTest@5bc79255]" name="closeBrowser" is-config="true" duration-ms="117" started-at="2021-06-02T20:42:01Z" finished-at="2021-06-02T20:42:01Z">
          <reporter-output>
          </reporter-output>
        </test-method> <!-- closeBrowser -->
        <test-method status="FAIL" signature="tearDown(org.testng.ITestResult)[pri:0, instance:com.jbk.tests.UsefulLinksTest@5bc79255]" name="tearDown" is-config="true" duration-ms="0" started-at="2021-06-02T20:42:01Z" finished-at="2021-06-02T20:42:01Z">
          <params>
            <param index="0">
              <value>
                <![CDATA[[TestResult name=verifyClickGO status=FAILURE method=UsefulLinksTest.verifyClickGO()[pri:1, instance:com.jbk.tests.UsefulLinksTest@5bc79255] output={null}]]]>
              </value>
            </param>
          </params>
          <exception class="java.lang.NullPointerException">
            <full-stacktrace>
              <![CDATA[java.lang.NullPointerException
	at com.jbk.testBase.TestBase.tearDown(TestBase.java:116)
	at sun.reflect.NativeMethodAccessorImpl.invoke0(Native Method)
	at sun.reflect.NativeMethodAccessorImpl.invoke(Unknown Source)
	at sun.reflect.DelegatingMethodAccessorImpl.invoke(Unknown Source)
	at java.lang.reflect.Method.invoke(Unknown Source)
	at org.testng.internal.MethodInvocationHelper.invokeMethod(MethodInvocationHelper.java:104)
	at org.testng.internal.Invoker.invokeConfigurationMethod(Invoker.java:515)
	at org.testng.internal.Invoker.invokeConfigurations(Invoker.java:217)
	at org.testng.internal.Invoker.invokeMethod(Invoker.java:712)
	at org.testng.internal.Invoker.invokeTestMethod(Invoker.java:851)
	at org.testng.internal.Invoker.invokeTestMethods(Invoker.java:1177)
	at org.testng.internal.TestMethodWorker.invokeTestMethods(TestMethodWorker.java:129)
	at org.testng.internal.TestMethodWorker.run(TestMethodWorker.java:112)
	at org.testng.TestRunner.privateRun(TestRunner.java:756)
	at org.testng.TestRunner.run(TestRunner.java:610)
	at org.testng.SuiteRunner.runTest(SuiteRunner.java:387)
	at org.testng.SuiteRunner.runSequentially(SuiteRunner.java:382)
	at org.testng.SuiteRunner.privateRun(SuiteRunner.java:340)
	at org.testng.SuiteRunner.run(SuiteRunner.java:289)
	at org.testng.SuiteRunnerWorker.runSuite(SuiteRunnerWorker.java:52)
	at org.testng.SuiteRunnerWorker.run(SuiteRunnerWorker.java:86)
	at org.testng.TestNG.runSuitesSequentially(TestNG.java:1293)
	at org.testng.TestNG.runSuitesLocally(TestNG.java:1218)
	at org.testng.TestNG.runSuites(TestNG.java:1133)
	at org.testng.TestNG.run(TestNG.java:1104)
	at org.testng.remote.AbstractRemoteTestNG.run(AbstractRemoteTestNG.java:132)
	at org.testng.remote.RemoteTestNG.initAndRun(RemoteTestNG.java:236)
	at org.testng.remote.RemoteTestNG.main(RemoteTestNG.java:81)
]]>
            </full-stacktrace>
          </exception> <!-- java.lang.NullPointerException -->
          <reporter-output>
          </reporter-output>
        </test-method> <!-- tearDown -->
        <test-method status="SKIP" signature="openBrowser()[pri:0, instance:com.jbk.tests.UsefulLinksTest@5bc79255]" name="openBrowser" is-config="true" duration-ms="0" started-at="2021-06-02T20:42:01Z" finished-at="2021-06-02T20:42:01Z">
          <reporter-output>
          </reporter-output>
        </test-method> <!-- openBrowser -->
        <test-method status="SKIP" signature="verifyClickGoExcel()[pri:2, instance:com.jbk.tests.UsefulLinksTest@5bc79255]" name="verifyClickGoExcel" duration-ms="1" started-at="2021-06-02T20:42:01Z" finished-at="2021-06-02T20:42:01Z">
          <exception class="java.lang.NullPointerException">
            <full-stacktrace>
              <![CDATA[java.lang.NullPointerException
	at com.jbk.testBase.TestBase.tearDown(TestBase.java:116)
	at sun.reflect.NativeMethodAccessorImpl.invoke0(Native Method)
	at sun.reflect.NativeMethodAccessorImpl.invoke(Unknown Source)
	at sun.reflect.DelegatingMethodAccessorImpl.invoke(Unknown Source)
	at java.lang.reflect.Method.invoke(Unknown Source)
	at org.testng.internal.MethodInvocationHelper.invokeMethod(MethodInvocationHelper.java:104)
	at org.testng.internal.Invoker.invokeConfigurationMethod(Invoker.java:515)
	at org.testng.internal.Invoker.invokeConfigurations(Invoker.java:217)
	at org.testng.internal.Invoker.invokeMethod(Invoker.java:712)
	at org.testng.internal.Invoker.invokeTestMethod(Invoker.java:851)
	at org.testng.internal.Invoker.invokeTestMethods(Invoker.java:1177)
	at org.testng.internal.TestMethodWorker.invokeTestMethods(TestMethodWorker.java:129)
	at org.testng.internal.TestMethodWorker.run(TestMethodWorker.java:112)
	at org.testng.TestRunner.privateRun(TestRunner.java:756)
	at org.testng.TestRunner.run(TestRunner.java:610)
	at org.testng.SuiteRunner.runTest(SuiteRunner.java:387)
	at org.testng.SuiteRunner.runSequentially(SuiteRunner.java:382)
	at org.testng.SuiteRunner.privateRun(SuiteRunner.java:340)
	at org.testng.SuiteRunner.run(SuiteRunner.java:289)
	at org.testng.SuiteRunnerWorker.runSuite(SuiteRunnerWorker.java:52)
	at org.testng.SuiteRunnerWorker.run(SuiteRunnerWorker.java:86)
	at org.testng.TestNG.runSuitesSequentially(TestNG.java:1293)
	at org.testng.TestNG.runSuitesLocally(TestNG.java:1218)
	at org.testng.TestNG.runSuites(TestNG.java:1133)
	at org.testng.TestNG.run(TestNG.java:1104)
	at org.testng.remote.AbstractRemoteTestNG.run(AbstractRemoteTestNG.java:132)
	at org.testng.remote.RemoteTestNG.initAndRun(RemoteTestNG.java:236)
	at org.testng.remote.RemoteTestNG.main(RemoteTestNG.java:81)
]]>
            </full-stacktrace>
          </exception> <!-- java.lang.NullPointerException -->
          <reporter-output>
          </reporter-output>
        </test-method> <!-- verifyClickGoExcel -->
        <test-method status="SKIP" signature="closeBrowser()[pri:0, instance:com.jbk.tests.UsefulLinksTest@5bc79255]" name="closeBrowser" is-config="true" duration-ms="0" started-at="2021-06-02T20:42:01Z" finished-at="2021-06-02T20:42:01Z">
          <reporter-output>
          </reporter-output>
        </test-method> <!-- closeBrowser -->
        <test-method status="SKIP" signature="tearDown(org.testng.ITestResult)[pri:0, instance:com.jbk.tests.UsefulLinksTest@5bc79255]" name="tearDown" is-config="true" duration-ms="0" started-at="2021-06-02T20:42:01Z" finished-at="2021-06-02T20:42:01Z">
          <reporter-output>
          </reporter-output>
        </test-method> <!-- tearDown -->
        <test-method status="SKIP" signature="openBrowser()[pri:0, instance:com.jbk.tests.UsefulLinksTest@5bc79255]" name="openBrowser" is-config="true" duration-ms="0" started-at="2021-06-02T20:42:01Z" finished-at="2021-06-02T20:42:01Z">
          <reporter-output>
          </reporter-output>
        </test-method> <!-- openBrowser -->
        <test-method status="SKIP" signature="verifyComplete_UsefulLinksTable()[pri:3, instance:com.jbk.tests.UsefulLinksTest@5bc79255]" name="verifyComplete_UsefulLinksTable" duration-ms="2" started-at="2021-06-02T20:42:01Z" finished-at="2021-06-02T20:42:01Z">
          <exception class="java.lang.NullPointerException">
            <full-stacktrace>
              <![CDATA[java.lang.NullPointerException
	at com.jbk.testBase.TestBase.tearDown(TestBase.java:116)
	at sun.reflect.NativeMethodAccessorImpl.invoke0(Native Method)
	at sun.reflect.NativeMethodAccessorImpl.invoke(Unknown Source)
	at sun.reflect.DelegatingMethodAccessorImpl.invoke(Unknown Source)
	at java.lang.reflect.Method.invoke(Unknown Source)
	at org.testng.internal.MethodInvocationHelper.invokeMethod(MethodInvocationHelper.java:104)
	at org.testng.internal.Invoker.invokeConfigurationMethod(Invoker.java:515)
	at org.testng.internal.Invoker.invokeConfigurations(Invoker.java:217)
	at org.testng.internal.Invoker.invokeMethod(Invoker.java:712)
	at org.testng.internal.Invoker.invokeTestMethod(Invoker.java:851)
	at org.testng.internal.Invoker.invokeTestMethods(Invoker.java:1177)
	at org.testng.internal.TestMethodWorker.invokeTestMethods(TestMethodWorker.java:129)
	at org.testng.internal.TestMethodWorker.run(TestMethodWorker.java:112)
	at org.testng.TestRunner.privateRun(TestRunner.java:756)
	at org.testng.TestRunner.run(TestRunner.java:610)
	at org.testng.SuiteRunner.runTest(SuiteRunner.java:387)
	at org.testng.SuiteRunner.runSequentially(SuiteRunner.java:382)
	at org.testng.SuiteRunner.privateRun(SuiteRunner.java:340)
	at org.testng.SuiteRunner.run(SuiteRunner.java:289)
	at org.testng.SuiteRunnerWorker.runSuite(SuiteRunnerWorker.java:52)
	at org.testng.SuiteRunnerWorker.run(SuiteRunnerWorker.java:86)
	at org.testng.TestNG.runSuitesSequentially(TestNG.java:1293)
	at org.testng.TestNG.runSuitesLocally(TestNG.java:1218)
	at org.testng.TestNG.runSuites(TestNG.java:1133)
	at org.testng.TestNG.run(TestNG.java:1104)
	at org.testng.remote.AbstractRemoteTestNG.run(AbstractRemoteTestNG.java:132)
	at org.testng.remote.RemoteTestNG.initAndRun(RemoteTestNG.java:236)
	at org.testng.remote.RemoteTestNG.main(RemoteTestNG.java:81)
]]>
            </full-stacktrace>
          </exception> <!-- java.lang.NullPointerException -->
          <reporter-output>
          </reporter-output>
        </test-method> <!-- verifyComplete_UsefulLinksTable -->
        <test-method status="SKIP" signature="closeBrowser()[pri:0, instance:com.jbk.tests.UsefulLinksTest@5bc79255]" name="closeBrowser" is-config="true" duration-ms="0" started-at="2021-06-02T20:42:01Z" finished-at="2021-06-02T20:42:01Z">
          <reporter-output>
          </reporter-output>
        </test-method> <!-- closeBrowser -->
        <test-method status="SKIP" signature="tearDown(org.testng.ITestResult)[pri:0, instance:com.jbk.tests.UsefulLinksTest@5bc79255]" name="tearDown" is-config="true" duration-ms="0" started-at="2021-06-02T20:42:01Z" finished-at="2021-06-02T20:42:01Z">
          <reporter-output>
          </reporter-output>
        </test-method> <!-- tearDown -->
      </class> <!-- com.jbk.tests.UsefulLinksTest -->
    </test> <!-- Test -->
  </suite> <!-- Suite -->
</testng-results>
